{"meta": {"format": 3, "version": "7.8.2", "timestamp": "2025-06-16T01:33:22.259870", "branch_coverage": false, "show_contexts": false}, "files": {"src/__init__.py": {"executed_lines": [0], "summary": {"covered_lines": 0, "num_statements": 0, "percent_covered": 100.0, "percent_covered_display": "100", "missing_lines": 0, "excluded_lines": 0}, "missing_lines": [], "excluded_lines": [], "functions": {"": {"executed_lines": [], "summary": {"covered_lines": 0, "num_statements": 0, "percent_covered": 100.0, "percent_covered_display": "100", "missing_lines": 0, "excluded_lines": 0}, "missing_lines": [], "excluded_lines": []}}, "classes": {"": {"executed_lines": [], "summary": {"covered_lines": 0, "num_statements": 0, "percent_covered": 100.0, "percent_covered_display": "100", "missing_lines": 0, "excluded_lines": 0}, "missing_lines": [], "excluded_lines": []}}}, "src/api/__init__.py": {"executed_lines": [1, 3, 4, 5, 6, 7, 8, 9, 11], "summary": {"covered_lines": 8, "num_statements": 8, "percent_covered": 100.0, "percent_covered_display": "100", "missing_lines": 0, "excluded_lines": 0}, "missing_lines": [], "excluded_lines": [], "functions": {"": {"executed_lines": [1, 3, 4, 5, 6, 7, 8, 9, 11], "summary": {"covered_lines": 8, "num_statements": 8, "percent_covered": 100.0, "percent_covered_display": "100", "missing_lines": 0, "excluded_lines": 0}, "missing_lines": [], "excluded_lines": []}}, "classes": {"": {"executed_lines": [1, 3, 4, 5, 6, 7, 8, 9, 11], "summary": {"covered_lines": 8, "num_statements": 8, "percent_covered": 100.0, "percent_covered_display": "100", "missing_lines": 0, "excluded_lines": 0}, "missing_lines": [], "excluded_lines": []}}}, "src/api/base.py": {"executed_lines": [1, 3, 4, 6, 7, 10, 11, 13, 15, 16, 17, 19, 20, 22, 23, 25, 31, 33, 36, 38, 45, 55, 57, 66, 67, 69], "summary": {"covered_lines": 24, "num_statements": 24, "percent_covered": 100.0, "percent_covered_display": "100", "missing_lines": 0, "excluded_lines": 0}, "missing_lines": [], "excluded_lines": [], "functions": {"BaseGoHighLevelClient.__init__": {"executed_lines": [16, 17], "summary": {"covered_lines": 2, "num_statements": 2, "percent_covered": 100.0, "percent_covered_display": "100", "missing_lines": 0, "excluded_lines": 0}, "missing_lines": [], "excluded_lines": []}, "BaseGoHighLevelClient.__aenter__": {"executed_lines": [20], "summary": {"covered_lines": 1, "num_statements": 1, "percent_covered": 100.0, "percent_covered_display": "100", "missing_lines": 0, "excluded_lines": 0}, "missing_lines": [], "excluded_lines": []}, "BaseGoHighLevelClient.__aexit__": {"executed_lines": [23], "summary": {"covered_lines": 1, "num_statements": 1, "percent_covered": 100.0, "percent_covered_display": "100", "missing_lines": 0, "excluded_lines": 0}, "missing_lines": [], "excluded_lines": []}, "BaseGoHighLevelClient._get_headers": {"executed_lines": [31, 33, 36, 38], "summary": {"covered_lines": 4, "num_statements": 4, "percent_covered": 100.0, "percent_covered_display": "100", "missing_lines": 0, "excluded_lines": 0}, "missing_lines": [], "excluded_lines": []}, "BaseGoHighLevelClient._request": {"executed_lines": [55, 57, 66, 67, 69], "summary": {"covered_lines": 5, "num_statements": 5, "percent_covered": 100.0, "percent_covered_display": "100", "missing_lines": 0, "excluded_lines": 0}, "missing_lines": [], "excluded_lines": []}, "": {"executed_lines": [1, 3, 4, 6, 7, 10, 11, 13, 15, 19, 22, 25, 45], "summary": {"covered_lines": 11, "num_statements": 11, "percent_covered": 100.0, "percent_covered_display": "100", "missing_lines": 0, "excluded_lines": 0}, "missing_lines": [], "excluded_lines": []}}, "classes": {"BaseGoHighLevelClient": {"executed_lines": [16, 17, 20, 23, 31, 33, 36, 38, 55, 57, 66, 67, 69], "summary": {"covered_lines": 13, "num_statements": 13, "percent_covered": 100.0, "percent_covered_display": "100", "missing_lines": 0, "excluded_lines": 0}, "missing_lines": [], "excluded_lines": []}, "": {"executed_lines": [1, 3, 4, 6, 7, 10, 11, 13, 15, 19, 22, 25, 45], "summary": {"covered_lines": 11, "num_statements": 11, "percent_covered": 100.0, "percent_covered_display": "100", "missing_lines": 0, "excluded_lines": 0}, "missing_lines": [], "excluded_lines": []}}}, "src/api/calendars.py": {"executed_lines": [1, 3, 4, 5, 7, 8, 20, 21, 23, 24, 53, 74, 86, 89, 92, 95, 96, 99, 101, 107, 111, 113, 123, 124, 129, 153, 162, 177, 185, 195, 199, 203, 204, 207, 208, 209, 212, 218, 222, 223, 224, 229, 232, 233, 234, 242], "summary": {"covered_lines": 44, "num_statements": 72, "percent_covered": 61.111111111111114, "percent_covered_display": "61", "missing_lines": 28, "excluded_lines": 0}, "missing_lines": [42, 43, 45, 48, 49, 62, 67, 68, 78, 83, 84, 127, 134, 137, 140, 141, 142, 144, 150, 151, 155, 158, 164, 170, 171, 179, 182, 183], "excluded_lines": [], "functions": {"CalendarsClient.format_datetime_with_timezone": {"executed_lines": [], "summary": {"covered_lines": 0, "num_statements": 5, "percent_covered": 0.0, "percent_covered_display": "0", "missing_lines": 5, "excluded_lines": 0}, "missing_lines": [42, 43, 45, 48, 49], "excluded_lines": []}, "CalendarsClient.get_appointments": {"executed_lines": [], "summary": {"covered_lines": 0, "num_statements": 3, "percent_covered": 0.0, "percent_covered_display": "0", "missing_lines": 3, "excluded_lines": 0}, "missing_lines": [62, 67, 68], "excluded_lines": []}, "CalendarsClient.get_appointment": {"executed_lines": [], "summary": {"covered_lines": 0, "num_statements": 3, "percent_covered": 0.0, "percent_covered_display": "0", "missing_lines": 3, "excluded_lines": 0}, "missing_lines": [78, 83, 84], "excluded_lines": []}, "CalendarsClient.create_appointment": {"executed_lines": [89, 92, 95, 96, 99, 101, 107, 111, 113, 123, 124], "summary": {"covered_lines": 11, "num_statements": 12, "percent_covered": 91.66666666666667, "percent_covered_display": "92", "missing_lines": 1, "excluded_lines": 0}, "missing_lines": [127], "excluded_lines": []}, "CalendarsClient.update_appointment": {"executed_lines": [], "summary": {"covered_lines": 0, "num_statements": 8, "percent_covered": 0.0, "percent_covered_display": "0", "missing_lines": 8, "excluded_lines": 0}, "missing_lines": [134, 137, 140, 141, 142, 144, 150, 151], "excluded_lines": []}, "CalendarsClient.delete_appointment": {"executed_lines": [], "summary": {"covered_lines": 0, "num_statements": 2, "percent_covered": 0.0, "percent_covered_display": "0", "missing_lines": 2, "excluded_lines": 0}, "missing_lines": [155, 158], "excluded_lines": []}, "CalendarsClient.get_calendars": {"executed_lines": [], "summary": {"covered_lines": 0, "num_statements": 3, "percent_covered": 0.0, "percent_covered_display": "0", "missing_lines": 3, "excluded_lines": 0}, "missing_lines": [164, 170, 171], "excluded_lines": []}, "CalendarsClient.get_calendar": {"executed_lines": [], "summary": {"covered_lines": 0, "num_statements": 3, "percent_covered": 0.0, "percent_covered_display": "0", "missing_lines": 3, "excluded_lines": 0}, "missing_lines": [179, 182, 183], "excluded_lines": []}, "CalendarsClient.get_free_slots": {"executed_lines": [195, 199, 203, 204, 207, 208, 209, 212, 218, 222, 223, 224, 229, 232, 233, 234, 242], "summary": {"covered_lines": 17, "num_statements": 17, "percent_covered": 100.0, "percent_covered_display": "100", "missing_lines": 0, "excluded_lines": 0}, "missing_lines": [], "excluded_lines": []}, "": {"executed_lines": [1, 3, 4, 5, 7, 8, 20, 21, 23, 24, 53, 74, 86, 129, 153, 162, 177, 185], "summary": {"covered_lines": 16, "num_statements": 16, "percent_covered": 100.0, "percent_covered_display": "100", "missing_lines": 0, "excluded_lines": 0}, "missing_lines": [], "excluded_lines": []}}, "classes": {"CalendarsClient": {"executed_lines": [89, 92, 95, 96, 99, 101, 107, 111, 113, 123, 124, 195, 199, 203, 204, 207, 208, 209, 212, 218, 222, 223, 224, 229, 232, 233, 234, 242], "summary": {"covered_lines": 28, "num_statements": 56, "percent_covered": 50.0, "percent_covered_display": "50", "missing_lines": 28, "excluded_lines": 0}, "missing_lines": [42, 43, 45, 48, 49, 62, 67, 68, 78, 83, 84, 127, 134, 137, 140, 141, 142, 144, 150, 151, 155, 158, 164, 170, 171, 179, 182, 183], "excluded_lines": []}, "": {"executed_lines": [1, 3, 4, 5, 7, 8, 20, 21, 23, 24, 53, 74, 86, 129, 153, 162, 177, 185], "summary": {"covered_lines": 16, "num_statements": 16, "percent_covered": 100.0, "percent_covered_display": "100", "missing_lines": 0, "excluded_lines": 0}, "missing_lines": [], "excluded_lines": []}}}, "src/api/client.py": {"executed_lines": [1, 3, 4, 6, 7, 8, 16, 24, 33, 39, 40, 41, 42, 43, 46, 47, 53, 54, 57, 58, 59, 60, 61, 63, 65, 66, 67, 68, 69, 70, 72, 74, 75, 76, 77, 78, 82, 90, 97, 108, 118, 120, 122, 124, 126, 132, 136, 142, 150, 169, 175, 181, 189, 193, 197, 207, 219, 225, 229, 237, 241, 249, 259, 270, 276, 280, 288, 292, 296, 300, 315, 321, 336], "summary": {"covered_lines": 71, "num_statements": 102, "percent_covered": 69.6078431372549, "percent_covered_display": "70", "missing_lines": 31, "excluded_lines": 0}, "missing_lines": [85, 88, 92, 93, 130, 134, 140, 146, 160, 173, 179, 185, 201, 215, 223, 227, 233, 239, 245, 255, 265, 274, 278, 284, 290, 294, 298, 309, 319, 332, 340], "excluded_lines": [], "functions": {"GoHighLevelClient.__init__": {"executed_lines": [54, 57, 58, 59, 60, 61], "summary": {"covered_lines": 6, "num_statements": 6, "percent_covered": 100.0, "percent_covered_display": "100", "missing_lines": 0, "excluded_lines": 0}, "missing_lines": [], "excluded_lines": []}, "GoHighLevelClient.__aenter__": {"executed_lines": [65, 66, 67, 68, 69, 70], "summary": {"covered_lines": 6, "num_statements": 6, "percent_covered": 100.0, "percent_covered_display": "100", "missing_lines": 0, "excluded_lines": 0}, "missing_lines": [], "excluded_lines": []}, "GoHighLevelClient.__aexit__": {"executed_lines": [74, 75, 76, 77, 78], "summary": {"covered_lines": 5, "num_statements": 5, "percent_covered": 100.0, "percent_covered_display": "100", "missing_lines": 0, "excluded_lines": 0}, "missing_lines": [], "excluded_lines": []}, "GoHighLevelClient.get_locations": {"executed_lines": [], "summary": {"covered_lines": 0, "num_statements": 2, "percent_covered": 0.0, "percent_covered_display": "0", "missing_lines": 2, "excluded_lines": 0}, "missing_lines": [85, 88], "excluded_lines": []}, "GoHighLevelClient.get_location": {"executed_lines": [], "summary": {"covered_lines": 0, "num_statements": 2, "percent_covered": 0.0, "percent_covered_display": "0", "missing_lines": 2, "excluded_lines": 0}, "missing_lines": [92, 93], "excluded_lines": []}, "GoHighLevelClient.get_contacts": {"executed_lines": [108], "summary": {"covered_lines": 1, "num_statements": 1, "percent_covered": 100.0, "percent_covered_display": "100", "missing_lines": 0, "excluded_lines": 0}, "missing_lines": [], "excluded_lines": []}, "GoHighLevelClient.get_contact": {"executed_lines": [120], "summary": {"covered_lines": 1, "num_statements": 1, "percent_covered": 100.0, "percent_covered_display": "100", "missing_lines": 0, "excluded_lines": 0}, "missing_lines": [], "excluded_lines": []}, "GoHighLevelClient.create_contact": {"executed_lines": [124], "summary": {"covered_lines": 1, "num_statements": 1, "percent_covered": 100.0, "percent_covered_display": "100", "missing_lines": 0, "excluded_lines": 0}, "missing_lines": [], "excluded_lines": []}, "GoHighLevelClient.update_contact": {"executed_lines": [], "summary": {"covered_lines": 0, "num_statements": 1, "percent_covered": 0.0, "percent_covered_display": "0", "missing_lines": 1, "excluded_lines": 0}, "missing_lines": [130], "excluded_lines": []}, "GoHighLevelClient.delete_contact": {"executed_lines": [], "summary": {"covered_lines": 0, "num_statements": 1, "percent_covered": 0.0, "percent_covered_display": "0", "missing_lines": 1, "excluded_lines": 0}, "missing_lines": [134], "excluded_lines": []}, "GoHighLevelClient.add_contact_tags": {"executed_lines": [], "summary": {"covered_lines": 0, "num_statements": 1, "percent_covered": 0.0, "percent_covered_display": "0", "missing_lines": 1, "excluded_lines": 0}, "missing_lines": [140], "excluded_lines": []}, "GoHighLevelClient.remove_contact_tags": {"executed_lines": [], "summary": {"covered_lines": 0, "num_statements": 1, "percent_covered": 0.0, "percent_covered_display": "0", "missing_lines": 1, "excluded_lines": 0}, "missing_lines": [146], "excluded_lines": []}, "GoHighLevelClient.get_conversations": {"executed_lines": [], "summary": {"covered_lines": 0, "num_statements": 1, "percent_covered": 0.0, "percent_covered_display": "0", "missing_lines": 1, "excluded_lines": 0}, "missing_lines": [160], "excluded_lines": []}, "GoHighLevelClient.get_conversation": {"executed_lines": [], "summary": {"covered_lines": 0, "num_statements": 1, "percent_covered": 0.0, "percent_covered_display": "0", "missing_lines": 1, "excluded_lines": 0}, "missing_lines": [173], "excluded_lines": []}, "GoHighLevelClient.create_conversation": {"executed_lines": [], "summary": {"covered_lines": 0, "num_statements": 1, "percent_covered": 0.0, "percent_covered_display": "0", "missing_lines": 1, "excluded_lines": 0}, "missing_lines": [179], "excluded_lines": []}, "GoHighLevelClient.get_messages": {"executed_lines": [], "summary": {"covered_lines": 0, "num_statements": 1, "percent_covered": 0.0, "percent_covered_display": "0", "missing_lines": 1, "excluded_lines": 0}, "missing_lines": [185], "excluded_lines": []}, "GoHighLevelClient.send_message": {"executed_lines": [193], "summary": {"covered_lines": 1, "num_statements": 1, "percent_covered": 100.0, "percent_covered_display": "100", "missing_lines": 0, "excluded_lines": 0}, "missing_lines": [], "excluded_lines": []}, "GoHighLevelClient.update_message_status": {"executed_lines": [], "summary": {"covered_lines": 0, "num_statements": 1, "percent_covered": 0.0, "percent_covered_display": "0", "missing_lines": 1, "excluded_lines": 0}, "missing_lines": [201], "excluded_lines": []}, "GoHighLevelClient.get_opportunities": {"executed_lines": [], "summary": {"covered_lines": 0, "num_statements": 1, "percent_covered": 0.0, "percent_covered_display": "0", "missing_lines": 1, "excluded_lines": 0}, "missing_lines": [215], "excluded_lines": []}, "GoHighLevelClient.get_opportunity": {"executed_lines": [], "summary": {"covered_lines": 0, "num_statements": 1, "percent_covered": 0.0, "percent_covered_display": "0", "missing_lines": 1, "excluded_lines": 0}, "missing_lines": [223], "excluded_lines": []}, "GoHighLevelClient.create_opportunity": {"executed_lines": [], "summary": {"covered_lines": 0, "num_statements": 1, "percent_covered": 0.0, "percent_covered_display": "0", "missing_lines": 1, "excluded_lines": 0}, "missing_lines": [227], "excluded_lines": []}, "GoHighLevelClient.update_opportunity": {"executed_lines": [], "summary": {"covered_lines": 0, "num_statements": 1, "percent_covered": 0.0, "percent_covered_display": "0", "missing_lines": 1, "excluded_lines": 0}, "missing_lines": [233], "excluded_lines": []}, "GoHighLevelClient.delete_opportunity": {"executed_lines": [], "summary": {"covered_lines": 0, "num_statements": 1, "percent_covered": 0.0, "percent_covered_display": "0", "missing_lines": 1, "excluded_lines": 0}, "missing_lines": [239], "excluded_lines": []}, "GoHighLevelClient.update_opportunity_status": {"executed_lines": [], "summary": {"covered_lines": 0, "num_statements": 1, "percent_covered": 0.0, "percent_covered_display": "0", "missing_lines": 1, "excluded_lines": 0}, "missing_lines": [245], "excluded_lines": []}, "GoHighLevelClient.get_pipelines": {"executed_lines": [], "summary": {"covered_lines": 0, "num_statements": 1, "percent_covered": 0.0, "percent_covered_display": "0", "missing_lines": 1, "excluded_lines": 0}, "missing_lines": [255], "excluded_lines": []}, "GoHighLevelClient.get_appointments": {"executed_lines": [], "summary": {"covered_lines": 0, "num_statements": 1, "percent_covered": 0.0, "percent_covered_display": "0", "missing_lines": 1, "excluded_lines": 0}, "missing_lines": [265], "excluded_lines": []}, "GoHighLevelClient.get_appointment": {"executed_lines": [], "summary": {"covered_lines": 0, "num_statements": 1, "percent_covered": 0.0, "percent_covered_display": "0", "missing_lines": 1, "excluded_lines": 0}, "missing_lines": [274], "excluded_lines": []}, "GoHighLevelClient.create_appointment": {"executed_lines": [], "summary": {"covered_lines": 0, "num_statements": 1, "percent_covered": 0.0, "percent_covered_display": "0", "missing_lines": 1, "excluded_lines": 0}, "missing_lines": [278], "excluded_lines": []}, "GoHighLevelClient.update_appointment": {"executed_lines": [], "summary": {"covered_lines": 0, "num_statements": 1, "percent_covered": 0.0, "percent_covered_display": "0", "missing_lines": 1, "excluded_lines": 0}, "missing_lines": [284], "excluded_lines": []}, "GoHighLevelClient.delete_appointment": {"executed_lines": [], "summary": {"covered_lines": 0, "num_statements": 1, "percent_covered": 0.0, "percent_covered_display": "0", "missing_lines": 1, "excluded_lines": 0}, "missing_lines": [290], "excluded_lines": []}, "GoHighLevelClient.get_calendars": {"executed_lines": [], "summary": {"covered_lines": 0, "num_statements": 1, "percent_covered": 0.0, "percent_covered_display": "0", "missing_lines": 1, "excluded_lines": 0}, "missing_lines": [294], "excluded_lines": []}, "GoHighLevelClient.get_calendar": {"executed_lines": [], "summary": {"covered_lines": 0, "num_statements": 1, "percent_covered": 0.0, "percent_covered_display": "0", "missing_lines": 1, "excluded_lines": 0}, "missing_lines": [298], "excluded_lines": []}, "GoHighLevelClient.get_free_slots": {"executed_lines": [], "summary": {"covered_lines": 0, "num_statements": 1, "percent_covered": 0.0, "percent_covered_display": "0", "missing_lines": 1, "excluded_lines": 0}, "missing_lines": [309], "excluded_lines": []}, "GoHighLevelClient.get_forms": {"executed_lines": [], "summary": {"covered_lines": 0, "num_statements": 1, "percent_covered": 0.0, "percent_covered_display": "0", "missing_lines": 1, "excluded_lines": 0}, "missing_lines": [319], "excluded_lines": []}, "GoHighLevelClient.get_all_submissions": {"executed_lines": [], "summary": {"covered_lines": 0, "num_statements": 1, "percent_covered": 0.0, "percent_covered_display": "0", "missing_lines": 1, "excluded_lines": 0}, "missing_lines": [332], "excluded_lines": []}, "GoHighLevelClient.upload_form_file": {"executed_lines": [], "summary": {"covered_lines": 0, "num_statements": 1, "percent_covered": 0.0, "percent_covered_display": "0", "missing_lines": 1, "excluded_lines": 0}, "missing_lines": [340], "excluded_lines": []}, "": {"executed_lines": [1, 3, 4, 6, 7, 8, 16, 24, 33, 39, 40, 41, 42, 43, 46, 47, 53, 63, 72, 82, 90, 97, 118, 122, 126, 132, 136, 142, 150, 169, 175, 181, 189, 197, 207, 219, 225, 229, 237, 241, 249, 259, 270, 276, 280, 288, 292, 296, 300, 315, 321, 336], "summary": {"covered_lines": 50, "num_statements": 50, "percent_covered": 100.0, "percent_covered_display": "100", "missing_lines": 0, "excluded_lines": 0}, "missing_lines": [], "excluded_lines": []}}, "classes": {"GoHighLevelClient": {"executed_lines": [54, 57, 58, 59, 60, 61, 65, 66, 67, 68, 69, 70, 74, 75, 76, 77, 78, 108, 120, 124, 193], "summary": {"covered_lines": 21, "num_statements": 52, "percent_covered": 40.38461538461539, "percent_covered_display": "40", "missing_lines": 31, "excluded_lines": 0}, "missing_lines": [85, 88, 92, 93, 130, 134, 140, 146, 160, 173, 179, 185, 201, 215, 223, 227, 233, 239, 245, 255, 265, 274, 278, 284, 290, 294, 298, 309, 319, 332, 340], "excluded_lines": []}, "": {"executed_lines": [1, 3, 4, 6, 7, 8, 16, 24, 33, 39, 40, 41, 42, 43, 46, 47, 53, 63, 72, 82, 90, 97, 118, 122, 126, 132, 136, 142, 150, 169, 175, 181, 189, 197, 207, 219, 225, 229, 237, 241, 249, 259, 270, 276, 280, 288, 292, 296, 300, 315, 321, 336], "summary": {"covered_lines": 50, "num_statements": 50, "percent_covered": 100.0, "percent_covered_display": "100", "missing_lines": 0, "excluded_lines": 0}, "missing_lines": [], "excluded_lines": []}}}, "src/api/contacts.py": {"executed_lines": [1, 3, 5, 6, 9, 10, 12, 23, 26, 27, 29, 30, 31, 32, 33, 34, 35, 36, 38, 41, 42, 50, 52, 55, 56, 58, 60, 66, 67, 69, 73, 79, 80, 82, 84, 87, 89, 93, 101, 103, 107, 115], "summary": {"covered_lines": 40, "num_statements": 40, "percent_covered": 100.0, "percent_covered_display": "100", "missing_lines": 0, "excluded_lines": 0}, "missing_lines": [], "excluded_lines": [], "functions": {"ContactsClient.get_contacts": {"executed_lines": [23, 26, 27, 29, 30, 31, 32, 33, 34, 35, 36, 38, 41, 42], "summary": {"covered_lines": 14, "num_statements": 14, "percent_covered": 100.0, "percent_covered_display": "100", "missing_lines": 0, "excluded_lines": 0}, "missing_lines": [], "excluded_lines": []}, "ContactsClient.get_contact": {"executed_lines": [52, 55, 56], "summary": {"covered_lines": 3, "num_statements": 3, "percent_covered": 100.0, "percent_covered_display": "100", "missing_lines": 0, "excluded_lines": 0}, "missing_lines": [], "excluded_lines": []}, "ContactsClient.create_contact": {"executed_lines": [60, 66, 67], "summary": {"covered_lines": 3, "num_statements": 3, "percent_covered": 100.0, "percent_covered_display": "100", "missing_lines": 0, "excluded_lines": 0}, "missing_lines": [], "excluded_lines": []}, "ContactsClient.update_contact": {"executed_lines": [73, 79, 80], "summary": {"covered_lines": 3, "num_statements": 3, "percent_covered": 100.0, "percent_covered_display": "100", "missing_lines": 0, "excluded_lines": 0}, "missing_lines": [], "excluded_lines": []}, "ContactsClient.delete_contact": {"executed_lines": [84, 87], "summary": {"covered_lines": 2, "num_statements": 2, "percent_covered": 100.0, "percent_covered_display": "100", "missing_lines": 0, "excluded_lines": 0}, "missing_lines": [], "excluded_lines": []}, "ContactsClient.add_contact_tags": {"executed_lines": [93, 101], "summary": {"covered_lines": 2, "num_statements": 2, "percent_covered": 100.0, "percent_covered_display": "100", "missing_lines": 0, "excluded_lines": 0}, "missing_lines": [], "excluded_lines": []}, "ContactsClient.remove_contact_tags": {"executed_lines": [107, 115], "summary": {"covered_lines": 2, "num_statements": 2, "percent_covered": 100.0, "percent_covered_display": "100", "missing_lines": 0, "excluded_lines": 0}, "missing_lines": [], "excluded_lines": []}, "": {"executed_lines": [1, 3, 5, 6, 9, 10, 12, 50, 58, 69, 82, 89, 103], "summary": {"covered_lines": 11, "num_statements": 11, "percent_covered": 100.0, "percent_covered_display": "100", "missing_lines": 0, "excluded_lines": 0}, "missing_lines": [], "excluded_lines": []}}, "classes": {"ContactsClient": {"executed_lines": [23, 26, 27, 29, 30, 31, 32, 33, 34, 35, 36, 38, 41, 42, 52, 55, 56, 60, 66, 67, 73, 79, 80, 84, 87, 93, 101, 107, 115], "summary": {"covered_lines": 29, "num_statements": 29, "percent_covered": 100.0, "percent_covered_display": "100", "missing_lines": 0, "excluded_lines": 0}, "missing_lines": [], "excluded_lines": []}, "": {"executed_lines": [1, 3, 5, 6, 9, 10, 12, 50, 58, 69, 82, 89, 103], "summary": {"covered_lines": 11, "num_statements": 11, "percent_covered": 100.0, "percent_covered_display": "100", "missing_lines": 0, "excluded_lines": 0}, "missing_lines": [], "excluded_lines": []}}}, "src/api/conversations.py": {"executed_lines": [1, 3, 5, 6, 16, 17, 19, 29, 31, 32, 33, 34, 35, 36, 37, 38, 40, 43, 44, 50, 54, 57, 59, 61, 65, 71, 72, 74, 78, 80, 81, 83, 89, 91, 93, 94, 97, 98, 100, 106, 111, 112, 115, 116, 118, 120, 123, 126, 129, 138, 146], "summary": {"covered_lines": 49, "num_statements": 49, "percent_covered": 100.0, "percent_covered_display": "100", "missing_lines": 0, "excluded_lines": 0}, "missing_lines": [], "excluded_lines": [], "functions": {"ConversationsClient.get_conversations": {"executed_lines": [29, 31, 32, 33, 34, 35, 36, 37, 38, 40, 43, 44], "summary": {"covered_lines": 12, "num_statements": 12, "percent_covered": 100.0, "percent_covered_display": "100", "missing_lines": 0, "excluded_lines": 0}, "missing_lines": [], "excluded_lines": []}, "ConversationsClient.get_conversation": {"executed_lines": [54, 57, 59], "summary": {"covered_lines": 3, "num_statements": 3, "percent_covered": 100.0, "percent_covered_display": "100", "missing_lines": 0, "excluded_lines": 0}, "missing_lines": [], "excluded_lines": []}, "ConversationsClient.create_conversation": {"executed_lines": [65, 71, 72], "summary": {"covered_lines": 3, "num_statements": 3, "percent_covered": 100.0, "percent_covered_display": "100", "missing_lines": 0, "excluded_lines": 0}, "missing_lines": [], "excluded_lines": []}, "ConversationsClient.get_messages": {"executed_lines": [78, 80, 81, 83, 89, 91, 93, 94, 97, 98, 100], "summary": {"covered_lines": 11, "num_statements": 11, "percent_covered": 100.0, "percent_covered_display": "100", "missing_lines": 0, "excluded_lines": 0}, "missing_lines": [], "excluded_lines": []}, "ConversationsClient.send_message": {"executed_lines": [111, 112, 115, 116, 118, 120, 123, 126, 129], "summary": {"covered_lines": 9, "num_statements": 9, "percent_covered": 100.0, "percent_covered_display": "100", "missing_lines": 0, "excluded_lines": 0}, "missing_lines": [], "excluded_lines": []}, "ConversationsClient.update_message_status": {"executed_lines": [146], "summary": {"covered_lines": 1, "num_statements": 1, "percent_covered": 100.0, "percent_covered_display": "100", "missing_lines": 0, "excluded_lines": 0}, "missing_lines": [], "excluded_lines": []}, "": {"executed_lines": [1, 3, 5, 6, 16, 17, 19, 50, 61, 74, 106, 138], "summary": {"covered_lines": 10, "num_statements": 10, "percent_covered": 100.0, "percent_covered_display": "100", "missing_lines": 0, "excluded_lines": 0}, "missing_lines": [], "excluded_lines": []}}, "classes": {"ConversationsClient": {"executed_lines": [29, 31, 32, 33, 34, 35, 36, 37, 38, 40, 43, 44, 54, 57, 59, 65, 71, 72, 78, 80, 81, 83, 89, 91, 93, 94, 97, 98, 100, 111, 112, 115, 116, 118, 120, 123, 126, 129, 146], "summary": {"covered_lines": 39, "num_statements": 39, "percent_covered": 100.0, "percent_covered_display": "100", "missing_lines": 0, "excluded_lines": 0}, "missing_lines": [], "excluded_lines": []}, "": {"executed_lines": [1, 3, 5, 6, 16, 17, 19, 50, 61, 74, 106, 138], "summary": {"covered_lines": 10, "num_statements": 10, "percent_covered": 100.0, "percent_covered_display": "100", "missing_lines": 0, "excluded_lines": 0}, "missing_lines": [], "excluded_lines": []}}}, "src/api/forms.py": {"executed_lines": [1, 3, 4, 6, 7, 14, 15, 17, 30, 31, 34, 38, 39, 47, 71, 72, 74, 75, 76, 78, 79, 80, 81, 83, 87, 88, 94, 106, 109, 112, 117, 118, 120, 131, 136], "summary": {"covered_lines": 33, "num_statements": 38, "percent_covered": 86.84210526315789, "percent_covered_display": "87", "missing_lines": 5, "excluded_lines": 0}, "missing_lines": [32, 73, 77, 132, 134], "excluded_lines": [], "functions": {"FormsClient.get_forms": {"executed_lines": [30, 31, 34, 38, 39], "summary": {"covered_lines": 5, "num_statements": 6, "percent_covered": 83.33333333333333, "percent_covered_display": "83", "missing_lines": 1, "excluded_lines": 0}, "missing_lines": [32], "excluded_lines": []}, "FormsClient.get_all_submissions": {"executed_lines": [71, 72, 74, 75, 76, 78, 79, 80, 81, 83, 87, 88], "summary": {"covered_lines": 12, "num_statements": 14, "percent_covered": 85.71428571428571, "percent_covered_display": "86", "missing_lines": 2, "excluded_lines": 0}, "missing_lines": [73, 77], "excluded_lines": []}, "FormsClient.upload_form_file": {"executed_lines": [106, 109, 112, 117, 118, 120, 131, 136], "summary": {"covered_lines": 8, "num_statements": 10, "percent_covered": 80.0, "percent_covered_display": "80", "missing_lines": 2, "excluded_lines": 0}, "missing_lines": [132, 134], "excluded_lines": []}, "": {"executed_lines": [1, 3, 4, 6, 7, 14, 15, 17, 47, 94], "summary": {"covered_lines": 8, "num_statements": 8, "percent_covered": 100.0, "percent_covered_display": "100", "missing_lines": 0, "excluded_lines": 0}, "missing_lines": [], "excluded_lines": []}}, "classes": {"FormsClient": {"executed_lines": [30, 31, 34, 38, 39, 71, 72, 74, 75, 76, 78, 79, 80, 81, 83, 87, 88, 106, 109, 112, 117, 118, 120, 131, 136], "summary": {"covered_lines": 25, "num_statements": 30, "percent_covered": 83.33333333333333, "percent_covered_display": "83", "missing_lines": 5, "excluded_lines": 0}, "missing_lines": [32, 73, 77, 132, 134], "excluded_lines": []}, "": {"executed_lines": [1, 3, 4, 6, 7, 14, 15, 17, 47, 94], "summary": {"covered_lines": 8, "num_statements": 8, "percent_covered": 100.0, "percent_covered_display": "100", "missing_lines": 0, "excluded_lines": 0}, "missing_lines": [], "excluded_lines": []}}}, "src/api/opportunities.py": {"executed_lines": [1, 3, 5, 6, 16, 17, 19, 27, 29, 30, 32, 33, 34, 35, 36, 37, 38, 40, 43, 44, 50, 54, 60, 61, 63, 65, 71, 72, 74, 78, 84, 85, 87, 89, 95, 97, 101, 109, 111, 117, 123, 124], "summary": {"covered_lines": 40, "num_statements": 40, "percent_covered": 100.0, "percent_covered_display": "100", "missing_lines": 0, "excluded_lines": 0}, "missing_lines": [], "excluded_lines": [], "functions": {"OpportunitiesClient.get_opportunities": {"executed_lines": [27, 29, 30, 32, 33, 34, 35, 36, 37, 38, 40, 43, 44], "summary": {"covered_lines": 13, "num_statements": 13, "percent_covered": 100.0, "percent_covered_display": "100", "missing_lines": 0, "excluded_lines": 0}, "missing_lines": [], "excluded_lines": []}, "OpportunitiesClient.get_opportunity": {"executed_lines": [54, 60, 61], "summary": {"covered_lines": 3, "num_statements": 3, "percent_covered": 100.0, "percent_covered_display": "100", "missing_lines": 0, "excluded_lines": 0}, "missing_lines": [], "excluded_lines": []}, "OpportunitiesClient.create_opportunity": {"executed_lines": [65, 71, 72], "summary": {"covered_lines": 3, "num_statements": 3, "percent_covered": 100.0, "percent_covered_display": "100", "missing_lines": 0, "excluded_lines": 0}, "missing_lines": [], "excluded_lines": []}, "OpportunitiesClient.update_opportunity": {"executed_lines": [78, 84, 85], "summary": {"covered_lines": 3, "num_statements": 3, "percent_covered": 100.0, "percent_covered_display": "100", "missing_lines": 0, "excluded_lines": 0}, "missing_lines": [], "excluded_lines": []}, "OpportunitiesClient.delete_opportunity": {"executed_lines": [89, 95], "summary": {"covered_lines": 2, "num_statements": 2, "percent_covered": 100.0, "percent_covered_display": "100", "missing_lines": 0, "excluded_lines": 0}, "missing_lines": [], "excluded_lines": []}, "OpportunitiesClient.update_opportunity_status": {"executed_lines": [101, 109], "summary": {"covered_lines": 2, "num_statements": 2, "percent_covered": 100.0, "percent_covered_display": "100", "missing_lines": 0, "excluded_lines": 0}, "missing_lines": [], "excluded_lines": []}, "OpportunitiesClient.get_pipelines": {"executed_lines": [117, 123, 124], "summary": {"covered_lines": 3, "num_statements": 3, "percent_covered": 100.0, "percent_covered_display": "100", "missing_lines": 0, "excluded_lines": 0}, "missing_lines": [], "excluded_lines": []}, "": {"executed_lines": [1, 3, 5, 6, 16, 17, 19, 50, 63, 74, 87, 97, 111], "summary": {"covered_lines": 11, "num_statements": 11, "percent_covered": 100.0, "percent_covered_display": "100", "missing_lines": 0, "excluded_lines": 0}, "missing_lines": [], "excluded_lines": []}}, "classes": {"OpportunitiesClient": {"executed_lines": [27, 29, 30, 32, 33, 34, 35, 36, 37, 38, 40, 43, 44, 54, 60, 61, 65, 71, 72, 78, 84, 85, 89, 95, 101, 109, 117, 123, 124], "summary": {"covered_lines": 29, "num_statements": 29, "percent_covered": 100.0, "percent_covered_display": "100", "missing_lines": 0, "excluded_lines": 0}, "missing_lines": [], "excluded_lines": []}, "": {"executed_lines": [1, 3, 5, 6, 16, 17, 19, 50, 63, 74, 87, 97, 111], "summary": {"covered_lines": 11, "num_statements": 11, "percent_covered": 100.0, "percent_covered_display": "100", "missing_lines": 0, "excluded_lines": 0}, "missing_lines": [], "excluded_lines": []}}}, "src/main.py": {"executed_lines": [2, 4, 5, 6, 8, 10, 11, 12, 13, 16, 19, 20, 21, 22, 23, 26, 29, 30, 32, 34, 36, 38, 40, 41, 42, 44, 46, 52, 55, 58, 60, 71, 73, 75, 76, 78, 79, 80, 81, 88, 91, 93, 94, 96, 98, 99, 101, 102, 109, 110, 112, 117, 119, 120, 123, 124, 128, 131, 132, 135, 138, 139, 143, 145, 149, 151, 152, 153, 154, 155, 162, 163, 165, 166, 169, 172, 173, 175, 176, 181, 182, 183, 184, 185, 186, 187, 189, 192, 193, 195, 196, 199, 202, 207, 208, 209, 210, 211, 212, 213, 214, 216, 217, 218, 219, 220, 221, 222, 223, 224, 225, 226, 227, 229, 232, 233, 258, 259, 299, 300, 348, 349, 382, 383, 413, 414, 440, 441, 463, 464, 498, 499, 528, 584], "summary": {"covered_lines": 133, "num_statements": 354, "percent_covered": 37.570621468926554, "percent_covered_display": "38", "missing_lines": 221, "excluded_lines": 0}, "missing_lines": [61, 62, 65, 66, 83, 84, 85, 104, 105, 106, 113, 114, 115, 215, 235, 236, 239, 242, 243, 245, 246, 247, 248, 249, 250, 251, 252, 253, 255, 261, 262, 265, 268, 269, 270, 271, 272, 273, 274, 275, 278, 279, 282, 283, 284, 285, 286, 287, 288, 289, 290, 291, 292, 293, 294, 296, 302, 303, 306, 309, 326, 327, 329, 330, 331, 332, 333, 334, 335, 336, 337, 338, 339, 340, 341, 342, 343, 345, 351, 352, 355, 358, 359, 360, 361, 362, 363, 364, 365, 366, 367, 368, 369, 370, 371, 372, 373, 374, 375, 376, 377, 379, 385, 386, 389, 392, 393, 395, 396, 397, 398, 401, 402, 403, 404, 408, 410, 416, 417, 420, 423, 424, 426, 427, 428, 429, 430, 431, 432, 433, 434, 435, 437, 443, 444, 447, 450, 451, 452, 453, 454, 455, 456, 457, 458, 460, 466, 467, 470, 475, 476, 478, 479, 480, 481, 482, 483, 484, 485, 486, 487, 488, 489, 490, 491, 492, 493, 495, 501, 502, 505, 508, 509, 510, 511, 512, 513, 514, 515, 516, 517, 518, 519, 520, 521, 522, 523, 525, 532, 534, 536, 537, 538, 539, 540, 544, 545, 547, 548, 549, 552, 553, 556, 557, 558, 559, 560, 561, 562, 563, 564, 565, 566, 569, 572, 574, 575, 576, 577, 580, 585], "excluded_lines": [], "functions": {"startup_check_and_setup": {"executed_lines": [29, 30, 32, 34, 36, 38, 40, 41, 42, 44, 46, 52, 55, 58, 60, 71, 73, 75, 76, 78, 79, 80, 81, 88, 91, 93, 94, 96, 98, 99, 101, 102, 109, 110, 112, 117, 119, 120, 123, 124], "summary": {"covered_lines": 40, "num_statements": 53, "percent_covered": 75.47169811320755, "percent_covered_display": "75", "missing_lines": 13, "excluded_lines": 0}, "missing_lines": [61, 62, 65, 66, 83, 84, 85, 104, 105, 106, 113, 114, 115], "excluded_lines": []}, "initialize_clients": {"executed_lines": [138, 139], "summary": {"covered_lines": 2, "num_statements": 2, "percent_covered": 100.0, "percent_covered_display": "100", "missing_lines": 0, "excluded_lines": 0}, "missing_lines": [], "excluded_lines": []}, "get_client": {"executed_lines": [145], "summary": {"covered_lines": 1, "num_statements": 1, "percent_covered": 100.0, "percent_covered_display": "100", "missing_lines": 0, "excluded_lines": 0}, "missing_lines": [], "excluded_lines": []}, "register_all_tools": {"executed_lines": [151, 152, 153, 154, 155], "summary": {"covered_lines": 5, "num_statements": 5, "percent_covered": 100.0, "percent_covered_display": "100", "missing_lines": 0, "excluded_lines": 0}, "missing_lines": [], "excluded_lines": []}, "list_contacts_resource": {"executed_lines": [165, 166, 169, 172, 173, 175, 176, 181, 182, 183, 184, 185, 186, 187, 189], "summary": {"covered_lines": 15, "num_statements": 15, "percent_covered": 100.0, "percent_covered_display": "100", "missing_lines": 0, "excluded_lines": 0}, "missing_lines": [], "excluded_lines": []}, "get_contact_resource": {"executed_lines": [195, 196, 199, 202, 207, 208, 209, 210, 211, 212, 213, 214, 216, 217, 218, 219, 220, 221, 222, 223, 224, 225, 226, 227, 229], "summary": {"covered_lines": 25, "num_statements": 26, "percent_covered": 96.15384615384616, "percent_covered_display": "96", "missing_lines": 1, "excluded_lines": 0}, "missing_lines": [215], "excluded_lines": []}, "list_conversations_resource": {"executed_lines": [], "summary": {"covered_lines": 0, "num_statements": 15, "percent_covered": 0.0, "percent_covered_display": "0", "missing_lines": 15, "excluded_lines": 0}, "missing_lines": [235, 236, 239, 242, 243, 245, 246, 247, 248, 249, 250, 251, 252, 253, 255], "excluded_lines": []}, "get_conversation_resource": {"executed_lines": [], "summary": {"covered_lines": 0, "num_statements": 27, "percent_covered": 0.0, "percent_covered_display": "0", "missing_lines": 27, "excluded_lines": 0}, "missing_lines": [261, 262, 265, 268, 269, 270, 271, 272, 273, 274, 275, 278, 279, 282, 283, 284, 285, 286, 287, 288, 289, 290, 291, 292, 293, 294, 296], "excluded_lines": []}, "list_opportunities_resource": {"executed_lines": [], "summary": {"covered_lines": 0, "num_statements": 22, "percent_covered": 0.0, "percent_covered_display": "0", "missing_lines": 22, "excluded_lines": 0}, "missing_lines": [302, 303, 306, 309, 326, 327, 329, 330, 331, 332, 333, 334, 335, 336, 337, 338, 339, 340, 341, 342, 343, 345], "excluded_lines": []}, "get_opportunity_resource": {"executed_lines": [], "summary": {"covered_lines": 0, "num_statements": 24, "percent_covered": 0.0, "percent_covered_display": "0", "missing_lines": 24, "excluded_lines": 0}, "missing_lines": [351, 352, 355, 358, 359, 360, 361, 362, 363, 364, 365, 366, 367, 368, 369, 370, 371, 372, 373, 374, 375, 376, 377, 379], "excluded_lines": []}, "list_pipelines_resource": {"executed_lines": [], "summary": {"covered_lines": 0, "num_statements": 15, "percent_covered": 0.0, "percent_covered_display": "0", "missing_lines": 15, "excluded_lines": 0}, "missing_lines": [385, 386, 389, 392, 393, 395, 396, 397, 398, 401, 402, 403, 404, 408, 410], "excluded_lines": []}, "list_calendars_resource": {"executed_lines": [], "summary": {"covered_lines": 0, "num_statements": 16, "percent_covered": 0.0, "percent_covered_display": "0", "missing_lines": 16, "excluded_lines": 0}, "missing_lines": [416, 417, 420, 423, 424, 426, 427, 428, 429, 430, 431, 432, 433, 434, 435, 437], "excluded_lines": []}, "get_calendar_resource": {"executed_lines": [], "summary": {"covered_lines": 0, "num_statements": 13, "percent_covered": 0.0, "percent_covered_display": "0", "missing_lines": 13, "excluded_lines": 0}, "missing_lines": [443, 444, 447, 450, 451, 452, 453, 454, 455, 456, 457, 458, 460], "excluded_lines": []}, "list_appointments_resource": {"executed_lines": [], "summary": {"covered_lines": 0, "num_statements": 22, "percent_covered": 0.0, "percent_covered_display": "0", "missing_lines": 22, "excluded_lines": 0}, "missing_lines": [466, 467, 470, 475, 476, 478, 479, 480, 481, 482, 483, 484, 485, 486, 487, 488, 489, 490, 491, 492, 493, 495], "excluded_lines": []}, "get_appointment_resource": {"executed_lines": [], "summary": {"covered_lines": 0, "num_statements": 20, "percent_covered": 0.0, "percent_covered_display": "0", "missing_lines": 20, "excluded_lines": 0}, "missing_lines": [501, 502, 505, 508, 509, 510, 511, 512, 513, 514, 515, 516, 517, 518, 519, 520, 521, 522, 523, 525], "excluded_lines": []}, "main": {"executed_lines": [], "summary": {"covered_lines": 0, "num_statements": 26, "percent_covered": 0.0, "percent_covered_display": "0", "missing_lines": 26, "excluded_lines": 0}, "missing_lines": [532, 534, 536, 547, 548, 549, 552, 553, 556, 557, 558, 559, 560, 561, 562, 563, 564, 565, 566, 569, 572, 574, 575, 576, 577, 580], "excluded_lines": []}, "main.silent_check": {"executed_lines": [], "summary": {"covered_lines": 0, "num_statements": 6, "percent_covered": 0.0, "percent_covered_display": "0", "missing_lines": 6, "excluded_lines": 0}, "missing_lines": [537, 538, 539, 540, 544, 545], "excluded_lines": []}, "": {"executed_lines": [2, 4, 5, 6, 8, 10, 11, 12, 13, 16, 19, 20, 21, 22, 23, 26, 128, 131, 132, 135, 143, 149, 162, 163, 192, 193, 232, 233, 258, 259, 299, 300, 348, 349, 382, 383, 413, 414, 440, 441, 463, 464, 498, 499, 528, 584], "summary": {"covered_lines": 45, "num_statements": 46, "percent_covered": 97.82608695652173, "percent_covered_display": "98", "missing_lines": 1, "excluded_lines": 0}, "missing_lines": [585], "excluded_lines": []}}, "classes": {"": {"executed_lines": [2, 4, 5, 6, 8, 10, 11, 12, 13, 16, 19, 20, 21, 22, 23, 26, 29, 30, 32, 34, 36, 38, 40, 41, 42, 44, 46, 52, 55, 58, 60, 71, 73, 75, 76, 78, 79, 80, 81, 88, 91, 93, 94, 96, 98, 99, 101, 102, 109, 110, 112, 117, 119, 120, 123, 124, 128, 131, 132, 135, 138, 139, 143, 145, 149, 151, 152, 153, 154, 155, 162, 163, 165, 166, 169, 172, 173, 175, 176, 181, 182, 183, 184, 185, 186, 187, 189, 192, 193, 195, 196, 199, 202, 207, 208, 209, 210, 211, 212, 213, 214, 216, 217, 218, 219, 220, 221, 222, 223, 224, 225, 226, 227, 229, 232, 233, 258, 259, 299, 300, 348, 349, 382, 383, 413, 414, 440, 441, 463, 464, 498, 499, 528, 584], "summary": {"covered_lines": 133, "num_statements": 354, "percent_covered": 37.570621468926554, "percent_covered_display": "38", "missing_lines": 221, "excluded_lines": 0}, "missing_lines": [61, 62, 65, 66, 83, 84, 85, 104, 105, 106, 113, 114, 115, 215, 235, 236, 239, 242, 243, 245, 246, 247, 248, 249, 250, 251, 252, 253, 255, 261, 262, 265, 268, 269, 270, 271, 272, 273, 274, 275, 278, 279, 282, 283, 284, 285, 286, 287, 288, 289, 290, 291, 292, 293, 294, 296, 302, 303, 306, 309, 326, 327, 329, 330, 331, 332, 333, 334, 335, 336, 337, 338, 339, 340, 341, 342, 343, 345, 351, 352, 355, 358, 359, 360, 361, 362, 363, 364, 365, 366, 367, 368, 369, 370, 371, 372, 373, 374, 375, 376, 377, 379, 385, 386, 389, 392, 393, 395, 396, 397, 398, 401, 402, 403, 404, 408, 410, 416, 417, 420, 423, 424, 426, 427, 428, 429, 430, 431, 432, 433, 434, 435, 437, 443, 444, 447, 450, 451, 452, 453, 454, 455, 456, 457, 458, 460, 466, 467, 470, 475, 476, 478, 479, 480, 481, 482, 483, 484, 485, 486, 487, 488, 489, 490, 491, 492, 493, 495, 501, 502, 505, 508, 509, 510, 511, 512, 513, 514, 515, 516, 517, 518, 519, 520, 521, 522, 523, 525, 532, 534, 536, 537, 538, 539, 540, 544, 545, 547, 548, 549, 552, 553, 556, 557, 558, 559, 560, 561, 562, 563, 564, 565, 566, 569, 572, 574, 575, 576, 577, 580, 585], "excluded_lines": []}}}, "src/mcp/__init__.py": {"executed_lines": [1], "summary": {"covered_lines": 0, "num_statements": 0, "percent_covered": 100.0, "percent_covered_display": "100", "missing_lines": 0, "excluded_lines": 0}, "missing_lines": [], "excluded_lines": [], "functions": {"": {"executed_lines": [1], "summary": {"covered_lines": 0, "num_statements": 0, "percent_covered": 100.0, "percent_covered_display": "100", "missing_lines": 0, "excluded_lines": 0}, "missing_lines": [], "excluded_lines": []}}, "classes": {"": {"executed_lines": [1], "summary": {"covered_lines": 0, "num_statements": 0, "percent_covered": 100.0, "percent_covered_display": "100", "missing_lines": 0, "excluded_lines": 0}, "missing_lines": [], "excluded_lines": []}}}, "src/mcp/params/__init__.py": {"executed_lines": [1, 3, 4, 5, 6, 7], "summary": {"covered_lines": 5, "num_statements": 5, "percent_covered": 100.0, "percent_covered_display": "100", "missing_lines": 0, "excluded_lines": 0}, "missing_lines": [], "excluded_lines": [], "functions": {"": {"executed_lines": [1, 3, 4, 5, 6, 7], "summary": {"covered_lines": 5, "num_statements": 5, "percent_covered": 100.0, "percent_covered_display": "100", "missing_lines": 0, "excluded_lines": 0}, "missing_lines": [], "excluded_lines": []}}, "classes": {"": {"executed_lines": [1, 3, 4, 5, 6, 7], "summary": {"covered_lines": 5, "num_statements": 5, "percent_covered": 100.0, "percent_covered_display": "100", "missing_lines": 0, "excluded_lines": 0}, "missing_lines": [], "excluded_lines": []}}}, "src/mcp/params/calendars.py": {"executed_lines": [1, 3, 4, 7, 8, 10, 11, 12, 17, 18, 20, 21, 22, 27, 28, 30, 31, 32, 33, 37, 41, 42, 43, 44, 45, 46, 51, 52, 54, 55, 56, 57, 58, 59, 60, 61, 62, 63, 68, 69, 71, 72, 73, 78, 79, 81, 82, 87, 88, 90, 91, 92, 97, 98, 100, 101, 102, 105, 109, 113], "summary": {"covered_lines": 51, "num_statements": 51, "percent_covered": 100.0, "percent_covered_display": "100", "missing_lines": 0, "excluded_lines": 0}, "missing_lines": [], "excluded_lines": [], "functions": {"": {"executed_lines": [1, 3, 4, 7, 8, 10, 11, 12, 17, 18, 20, 21, 22, 27, 28, 30, 31, 32, 33, 37, 41, 42, 43, 44, 45, 46, 51, 52, 54, 55, 56, 57, 58, 59, 60, 61, 62, 63, 68, 69, 71, 72, 73, 78, 79, 81, 82, 87, 88, 90, 91, 92, 97, 98, 100, 101, 102, 105, 109, 113], "summary": {"covered_lines": 51, "num_statements": 51, "percent_covered": 100.0, "percent_covered_display": "100", "missing_lines": 0, "excluded_lines": 0}, "missing_lines": [], "excluded_lines": []}}, "classes": {"GetAppointmentsParams": {"executed_lines": [], "summary": {"covered_lines": 0, "num_statements": 0, "percent_covered": 100.0, "percent_covered_display": "100", "missing_lines": 0, "excluded_lines": 0}, "missing_lines": [], "excluded_lines": []}, "GetAppointmentParams": {"executed_lines": [], "summary": {"covered_lines": 0, "num_statements": 0, "percent_covered": 100.0, "percent_covered_display": "100", "missing_lines": 0, "excluded_lines": 0}, "missing_lines": [], "excluded_lines": []}, "CreateAppointmentParams": {"executed_lines": [], "summary": {"covered_lines": 0, "num_statements": 0, "percent_covered": 100.0, "percent_covered_display": "100", "missing_lines": 0, "excluded_lines": 0}, "missing_lines": [], "excluded_lines": []}, "UpdateAppointmentParams": {"executed_lines": [], "summary": {"covered_lines": 0, "num_statements": 0, "percent_covered": 100.0, "percent_covered_display": "100", "missing_lines": 0, "excluded_lines": 0}, "missing_lines": [], "excluded_lines": []}, "DeleteAppointmentParams": {"executed_lines": [], "summary": {"covered_lines": 0, "num_statements": 0, "percent_covered": 100.0, "percent_covered_display": "100", "missing_lines": 0, "excluded_lines": 0}, "missing_lines": [], "excluded_lines": []}, "GetCalendarsParams": {"executed_lines": [], "summary": {"covered_lines": 0, "num_statements": 0, "percent_covered": 100.0, "percent_covered_display": "100", "missing_lines": 0, "excluded_lines": 0}, "missing_lines": [], "excluded_lines": []}, "GetCalendarParams": {"executed_lines": [], "summary": {"covered_lines": 0, "num_statements": 0, "percent_covered": 100.0, "percent_covered_display": "100", "missing_lines": 0, "excluded_lines": 0}, "missing_lines": [], "excluded_lines": []}, "GetFreeSlotsParams": {"executed_lines": [], "summary": {"covered_lines": 0, "num_statements": 0, "percent_covered": 100.0, "percent_covered_display": "100", "missing_lines": 0, "excluded_lines": 0}, "missing_lines": [], "excluded_lines": []}, "": {"executed_lines": [1, 3, 4, 7, 8, 10, 11, 12, 17, 18, 20, 21, 22, 27, 28, 30, 31, 32, 33, 37, 41, 42, 43, 44, 45, 46, 51, 52, 54, 55, 56, 57, 58, 59, 60, 61, 62, 63, 68, 69, 71, 72, 73, 78, 79, 81, 82, 87, 88, 90, 91, 92, 97, 98, 100, 101, 102, 105, 109, 113], "summary": {"covered_lines": 51, "num_statements": 51, "percent_covered": 100.0, "percent_covered_display": "100", "missing_lines": 0, "excluded_lines": 0}, "missing_lines": [], "excluded_lines": []}}}, "src/mcp/params/contacts.py": {"executed_lines": [1, 3, 4, 7, 8, 10, 13, 14, 15, 16, 17, 18, 19, 20, 21, 22, 23, 24, 27, 32, 33, 35, 36, 39, 40, 41, 42, 43, 44, 45, 46, 47, 48, 49, 52, 57, 58, 60, 61, 64, 69, 70, 72, 73, 74, 75, 76, 77, 78, 79, 84, 85, 87, 88, 91, 96, 97, 99, 100, 103, 104], "summary": {"covered_lines": 54, "num_statements": 54, "percent_covered": 100.0, "percent_covered_display": "100", "missing_lines": 0, "excluded_lines": 0}, "missing_lines": [], "excluded_lines": [], "functions": {"": {"executed_lines": [1, 3, 4, 7, 8, 10, 13, 14, 15, 16, 17, 18, 19, 20, 21, 22, 23, 24, 27, 32, 33, 35, 36, 39, 40, 41, 42, 43, 44, 45, 46, 47, 48, 49, 52, 57, 58, 60, 61, 64, 69, 70, 72, 73, 74, 75, 76, 77, 78, 79, 84, 85, 87, 88, 91, 96, 97, 99, 100, 103, 104], "summary": {"covered_lines": 54, "num_statements": 54, "percent_covered": 100.0, "percent_covered_display": "100", "missing_lines": 0, "excluded_lines": 0}, "missing_lines": [], "excluded_lines": []}}, "classes": {"CreateContactParams": {"executed_lines": [], "summary": {"covered_lines": 0, "num_statements": 0, "percent_covered": 100.0, "percent_covered_display": "100", "missing_lines": 0, "excluded_lines": 0}, "missing_lines": [], "excluded_lines": []}, "UpdateContactParams": {"executed_lines": [], "summary": {"covered_lines": 0, "num_statements": 0, "percent_covered": 100.0, "percent_covered_display": "100", "missing_lines": 0, "excluded_lines": 0}, "missing_lines": [], "excluded_lines": []}, "DeleteContactParams": {"executed_lines": [], "summary": {"covered_lines": 0, "num_statements": 0, "percent_covered": 100.0, "percent_covered_display": "100", "missing_lines": 0, "excluded_lines": 0}, "missing_lines": [], "excluded_lines": []}, "SearchContactsParams": {"executed_lines": [], "summary": {"covered_lines": 0, "num_statements": 0, "percent_covered": 100.0, "percent_covered_display": "100", "missing_lines": 0, "excluded_lines": 0}, "missing_lines": [], "excluded_lines": []}, "GetContactParams": {"executed_lines": [], "summary": {"covered_lines": 0, "num_statements": 0, "percent_covered": 100.0, "percent_covered_display": "100", "missing_lines": 0, "excluded_lines": 0}, "missing_lines": [], "excluded_lines": []}, "ManageTagsParams": {"executed_lines": [], "summary": {"covered_lines": 0, "num_statements": 0, "percent_covered": 100.0, "percent_covered_display": "100", "missing_lines": 0, "excluded_lines": 0}, "missing_lines": [], "excluded_lines": []}, "": {"executed_lines": [1, 3, 4, 7, 8, 10, 13, 14, 15, 16, 17, 18, 19, 20, 21, 22, 23, 24, 27, 32, 33, 35, 36, 39, 40, 41, 42, 43, 44, 45, 46, 47, 48, 49, 52, 57, 58, 60, 61, 64, 69, 70, 72, 73, 74, 75, 76, 77, 78, 79, 84, 85, 87, 88, 91, 96, 97, 99, 100, 103, 104], "summary": {"covered_lines": 54, "num_statements": 54, "percent_covered": 100.0, "percent_covered_display": "100", "missing_lines": 0, "excluded_lines": 0}, "missing_lines": [], "excluded_lines": []}}}, "src/mcp/params/conversations.py": {"executed_lines": [1, 3, 4, 6, 9, 10, 12, 13, 14, 15, 18, 19, 20, 25, 26, 28, 29, 30, 35, 36, 38, 39, 40, 44, 49, 50, 52, 53, 54, 55, 56, 61, 62, 64, 65, 66, 70, 73, 74, 77, 78, 81, 84, 87, 92, 93, 95, 96, 97, 98], "summary": {"covered_lines": 43, "num_statements": 43, "percent_covered": 100.0, "percent_covered_display": "100", "missing_lines": 0, "excluded_lines": 0}, "missing_lines": [], "excluded_lines": [], "functions": {"": {"executed_lines": [1, 3, 4, 6, 9, 10, 12, 13, 14, 15, 18, 19, 20, 25, 26, 28, 29, 30, 35, 36, 38, 39, 40, 44, 49, 50, 52, 53, 54, 55, 56, 61, 62, 64, 65, 66, 70, 73, 74, 77, 78, 81, 84, 87, 92, 93, 95, 96, 97, 98], "summary": {"covered_lines": 43, "num_statements": 43, "percent_covered": 100.0, "percent_covered_display": "100", "missing_lines": 0, "excluded_lines": 0}, "missing_lines": [], "excluded_lines": []}}, "classes": {"GetConversationsParams": {"executed_lines": [], "summary": {"covered_lines": 0, "num_statements": 0, "percent_covered": 100.0, "percent_covered_display": "100", "missing_lines": 0, "excluded_lines": 0}, "missing_lines": [], "excluded_lines": []}, "GetConversationParams": {"executed_lines": [], "summary": {"covered_lines": 0, "num_statements": 0, "percent_covered": 100.0, "percent_covered_display": "100", "missing_lines": 0, "excluded_lines": 0}, "missing_lines": [], "excluded_lines": []}, "CreateConversationParams": {"executed_lines": [], "summary": {"covered_lines": 0, "num_statements": 0, "percent_covered": 100.0, "percent_covered_display": "100", "missing_lines": 0, "excluded_lines": 0}, "missing_lines": [], "excluded_lines": []}, "GetMessagesParams": {"executed_lines": [], "summary": {"covered_lines": 0, "num_statements": 0, "percent_covered": 100.0, "percent_covered_display": "100", "missing_lines": 0, "excluded_lines": 0}, "missing_lines": [], "excluded_lines": []}, "SendMessageParams": {"executed_lines": [], "summary": {"covered_lines": 0, "num_statements": 0, "percent_covered": 100.0, "percent_covered_display": "100", "missing_lines": 0, "excluded_lines": 0}, "missing_lines": [], "excluded_lines": []}, "UpdateMessageStatusParams": {"executed_lines": [], "summary": {"covered_lines": 0, "num_statements": 0, "percent_covered": 100.0, "percent_covered_display": "100", "missing_lines": 0, "excluded_lines": 0}, "missing_lines": [], "excluded_lines": []}, "": {"executed_lines": [1, 3, 4, 6, 9, 10, 12, 13, 14, 15, 18, 19, 20, 25, 26, 28, 29, 30, 35, 36, 38, 39, 40, 44, 49, 50, 52, 53, 54, 55, 56, 61, 62, 64, 65, 66, 70, 73, 74, 77, 78, 81, 84, 87, 92, 93, 95, 96, 97, 98], "summary": {"covered_lines": 43, "num_statements": 43, "percent_covered": 100.0, "percent_covered_display": "100", "missing_lines": 0, "excluded_lines": 0}, "missing_lines": [], "excluded_lines": []}}}, "src/mcp/params/forms.py": {"executed_lines": [1, 3, 4, 7, 8, 10, 11, 14, 15, 20, 21, 23, 24, 25, 26, 27, 28, 31, 32, 37, 38, 40, 41, 42, 43, 44, 45, 48], "summary": {"covered_lines": 24, "num_statements": 24, "percent_covered": 100.0, "percent_covered_display": "100", "missing_lines": 0, "excluded_lines": 0}, "missing_lines": [], "excluded_lines": [], "functions": {"": {"executed_lines": [1, 3, 4, 7, 8, 10, 11, 14, 15, 20, 21, 23, 24, 25, 26, 27, 28, 31, 32, 37, 38, 40, 41, 42, 43, 44, 45, 48], "summary": {"covered_lines": 24, "num_statements": 24, "percent_covered": 100.0, "percent_covered_display": "100", "missing_lines": 0, "excluded_lines": 0}, "missing_lines": [], "excluded_lines": []}}, "classes": {"GetFormsParams": {"executed_lines": [], "summary": {"covered_lines": 0, "num_statements": 0, "percent_covered": 100.0, "percent_covered_display": "100", "missing_lines": 0, "excluded_lines": 0}, "missing_lines": [], "excluded_lines": []}, "GetAllSubmissionsParams": {"executed_lines": [], "summary": {"covered_lines": 0, "num_statements": 0, "percent_covered": 100.0, "percent_covered_display": "100", "missing_lines": 0, "excluded_lines": 0}, "missing_lines": [], "excluded_lines": []}, "UploadFormFileParams": {"executed_lines": [], "summary": {"covered_lines": 0, "num_statements": 0, "percent_covered": 100.0, "percent_covered_display": "100", "missing_lines": 0, "excluded_lines": 0}, "missing_lines": [], "excluded_lines": []}, "": {"executed_lines": [1, 3, 4, 7, 8, 10, 11, 14, 15, 20, 21, 23, 24, 25, 26, 27, 28, 31, 32, 37, 38, 40, 41, 42, 43, 44, 45, 48], "summary": {"covered_lines": 24, "num_statements": 24, "percent_covered": 100.0, "percent_covered_display": "100", "missing_lines": 0, "excluded_lines": 0}, "missing_lines": [], "excluded_lines": []}}}, "src/mcp/params/opportunities.py": {"executed_lines": [1, 3, 4, 6, 9, 10, 12, 13, 14, 17, 18, 19, 20, 21, 22, 23, 28, 29, 31, 32, 33, 38, 39, 41, 42, 45, 46, 47, 50, 53, 56, 57, 58, 59, 62, 67, 68, 70, 71, 72, 73, 74, 75, 78, 79, 80, 81, 84, 89, 90, 92, 93, 94, 99, 100, 102, 103, 104, 105, 110, 111, 113, 114, 119, 120, 122, 123, 124, 129, 130, 132, 133, 134], "summary": {"covered_lines": 63, "num_statements": 63, "percent_covered": 100.0, "percent_covered_display": "100", "missing_lines": 0, "excluded_lines": 0}, "missing_lines": [], "excluded_lines": [], "functions": {"": {"executed_lines": [1, 3, 4, 6, 9, 10, 12, 13, 14, 17, 18, 19, 20, 21, 22, 23, 28, 29, 31, 32, 33, 38, 39, 41, 42, 45, 46, 47, 50, 53, 56, 57, 58, 59, 62, 67, 68, 70, 71, 72, 73, 74, 75, 78, 79, 80, 81, 84, 89, 90, 92, 93, 94, 99, 100, 102, 103, 104, 105, 110, 111, 113, 114, 119, 120, 122, 123, 124, 129, 130, 132, 133, 134], "summary": {"covered_lines": 63, "num_statements": 63, "percent_covered": 100.0, "percent_covered_display": "100", "missing_lines": 0, "excluded_lines": 0}, "missing_lines": [], "excluded_lines": []}}, "classes": {"GetOpportunitiesParams": {"executed_lines": [], "summary": {"covered_lines": 0, "num_statements": 0, "percent_covered": 100.0, "percent_covered_display": "100", "missing_lines": 0, "excluded_lines": 0}, "missing_lines": [], "excluded_lines": []}, "GetOpportunityParams": {"executed_lines": [], "summary": {"covered_lines": 0, "num_statements": 0, "percent_covered": 100.0, "percent_covered_display": "100", "missing_lines": 0, "excluded_lines": 0}, "missing_lines": [], "excluded_lines": []}, "CreateOpportunityParams": {"executed_lines": [], "summary": {"covered_lines": 0, "num_statements": 0, "percent_covered": 100.0, "percent_covered_display": "100", "missing_lines": 0, "excluded_lines": 0}, "missing_lines": [], "excluded_lines": []}, "UpdateOpportunityParams": {"executed_lines": [], "summary": {"covered_lines": 0, "num_statements": 0, "percent_covered": 100.0, "percent_covered_display": "100", "missing_lines": 0, "excluded_lines": 0}, "missing_lines": [], "excluded_lines": []}, "DeleteOpportunityParams": {"executed_lines": [], "summary": {"covered_lines": 0, "num_statements": 0, "percent_covered": 100.0, "percent_covered_display": "100", "missing_lines": 0, "excluded_lines": 0}, "missing_lines": [], "excluded_lines": []}, "UpdateOpportunityStatusParams": {"executed_lines": [], "summary": {"covered_lines": 0, "num_statements": 0, "percent_covered": 100.0, "percent_covered_display": "100", "missing_lines": 0, "excluded_lines": 0}, "missing_lines": [], "excluded_lines": []}, "GetPipelinesParams": {"executed_lines": [], "summary": {"covered_lines": 0, "num_statements": 0, "percent_covered": 100.0, "percent_covered_display": "100", "missing_lines": 0, "excluded_lines": 0}, "missing_lines": [], "excluded_lines": []}, "GetPipelineParams": {"executed_lines": [], "summary": {"covered_lines": 0, "num_statements": 0, "percent_covered": 100.0, "percent_covered_display": "100", "missing_lines": 0, "excluded_lines": 0}, "missing_lines": [], "excluded_lines": []}, "GetPipelineStagesParams": {"executed_lines": [], "summary": {"covered_lines": 0, "num_statements": 0, "percent_covered": 100.0, "percent_covered_display": "100", "missing_lines": 0, "excluded_lines": 0}, "missing_lines": [], "excluded_lines": []}, "": {"executed_lines": [1, 3, 4, 6, 9, 10, 12, 13, 14, 17, 18, 19, 20, 21, 22, 23, 28, 29, 31, 32, 33, 38, 39, 41, 42, 45, 46, 47, 50, 53, 56, 57, 58, 59, 62, 67, 68, 70, 71, 72, 73, 74, 75, 78, 79, 80, 81, 84, 89, 90, 92, 93, 94, 99, 100, 102, 103, 104, 105, 110, 111, 113, 114, 119, 120, 122, 123, 124, 129, 130, 132, 133, 134], "summary": {"covered_lines": 63, "num_statements": 63, "percent_covered": 100.0, "percent_covered_display": "100", "missing_lines": 0, "excluded_lines": 0}, "missing_lines": [], "excluded_lines": []}}}, "src/mcp/resources/__init__.py": {"executed_lines": [1, 4], "summary": {"covered_lines": 1, "num_statements": 1, "percent_covered": 100.0, "percent_covered_display": "100", "missing_lines": 0, "excluded_lines": 0}, "missing_lines": [], "excluded_lines": [], "functions": {"": {"executed_lines": [1, 4], "summary": {"covered_lines": 1, "num_statements": 1, "percent_covered": 100.0, "percent_covered_display": "100", "missing_lines": 0, "excluded_lines": 0}, "missing_lines": [], "excluded_lines": []}}, "classes": {"": {"executed_lines": [1, 4], "summary": {"covered_lines": 1, "num_statements": 1, "percent_covered": 100.0, "percent_covered_display": "100", "missing_lines": 0, "excluded_lines": 0}, "missing_lines": [], "excluded_lines": []}}}, "src/mcp/resources/contacts.py": {"executed_lines": [1, 5, 6, 9, 12, 13, 15, 16, 18, 19, 22, 25, 26, 28, 29, 34, 35, 36, 37, 38, 39, 40, 42, 44, 45, 47, 48, 51, 54, 59, 60, 61, 62, 63, 64, 65, 66, 67, 68, 69, 70, 71, 72, 73, 74, 75, 76, 77, 78, 79, 81], "summary": {"covered_lines": 50, "num_statements": 50, "percent_covered": 100.0, "percent_covered_display": "100", "missing_lines": 0, "excluded_lines": 0}, "missing_lines": [], "excluded_lines": [], "functions": {"_register_contact_resources": {"executed_lines": [12, 13, 15, 16, 44, 45], "summary": {"covered_lines": 6, "num_statements": 6, "percent_covered": 100.0, "percent_covered_display": "100", "missing_lines": 0, "excluded_lines": 0}, "missing_lines": [], "excluded_lines": []}, "_register_contact_resources.list_contacts_resource": {"executed_lines": [18, 19, 22, 25, 26, 28, 29, 34, 35, 36, 37, 38, 39, 40, 42], "summary": {"covered_lines": 15, "num_statements": 15, "percent_covered": 100.0, "percent_covered_display": "100", "missing_lines": 0, "excluded_lines": 0}, "missing_lines": [], "excluded_lines": []}, "_register_contact_resources.get_contact_resource": {"executed_lines": [47, 48, 51, 54, 59, 60, 61, 62, 63, 64, 65, 66, 67, 68, 69, 70, 71, 72, 73, 74, 75, 76, 77, 78, 79, 81], "summary": {"covered_lines": 26, "num_statements": 26, "percent_covered": 100.0, "percent_covered_display": "100", "missing_lines": 0, "excluded_lines": 0}, "missing_lines": [], "excluded_lines": []}, "": {"executed_lines": [1, 5, 6, 9], "summary": {"covered_lines": 3, "num_statements": 3, "percent_covered": 100.0, "percent_covered_display": "100", "missing_lines": 0, "excluded_lines": 0}, "missing_lines": [], "excluded_lines": []}}, "classes": {"": {"executed_lines": [1, 5, 6, 9, 12, 13, 15, 16, 18, 19, 22, 25, 26, 28, 29, 34, 35, 36, 37, 38, 39, 40, 42, 44, 45, 47, 48, 51, 54, 59, 60, 61, 62, 63, 64, 65, 66, 67, 68, 69, 70, 71, 72, 73, 74, 75, 76, 77, 78, 79, 81], "summary": {"covered_lines": 50, "num_statements": 50, "percent_covered": 100.0, "percent_covered_display": "100", "missing_lines": 0, "excluded_lines": 0}, "missing_lines": [], "excluded_lines": []}}}, "src/mcp/tools/__init__.py": {"executed_lines": [1, 4, 5, 6, 7, 8], "summary": {"covered_lines": 5, "num_statements": 5, "percent_covered": 100.0, "percent_covered_display": "100", "missing_lines": 0, "excluded_lines": 0}, "missing_lines": [], "excluded_lines": [], "functions": {"": {"executed_lines": [1, 4, 5, 6, 7, 8], "summary": {"covered_lines": 5, "num_statements": 5, "percent_covered": 100.0, "percent_covered_display": "100", "missing_lines": 0, "excluded_lines": 0}, "missing_lines": [], "excluded_lines": []}}, "classes": {"": {"executed_lines": [1, 4, 5, 6, 7, 8], "summary": {"covered_lines": 5, "num_statements": 5, "percent_covered": 100.0, "percent_covered_display": "100", "missing_lines": 0, "excluded_lines": 0}, "missing_lines": [], "excluded_lines": []}}}, "src/mcp/tools/calendars.py": {"executed_lines": [1, 3, 4, 6, 7, 21, 22, 25, 28, 29, 31, 32, 34, 36, 40, 42, 43, 45, 47, 50, 52, 53, 64, 67, 68, 70, 90, 91, 93, 94, 96, 99, 100, 101, 102, 105, 106, 108, 124, 127, 129, 130, 132, 134, 137, 139, 140, 142, 144, 145, 147, 148, 150, 152, 153, 155, 156, 169, 172, 173, 174, 175, 177, 184], "summary": {"covered_lines": 63, "num_statements": 63, "percent_covered": 100.0, "percent_covered_display": "100", "missing_lines": 0, "excluded_lines": 0}, "missing_lines": [], "excluded_lines": [], "functions": {"_register_calendar_tools": {"executed_lines": [28, 29, 31, 32, 42, 43, 52, 53, 93, 94, 129, 130, 139, 140, 147, 148, 155, 156], "summary": {"covered_lines": 18, "num_statements": 18, "percent_covered": 100.0, "percent_covered_display": "100", "missing_lines": 0, "excluded_lines": 0}, "missing_lines": [], "excluded_lines": []}, "_register_calendar_tools.get_appointments": {"executed_lines": [34, 36, 40], "summary": {"covered_lines": 3, "num_statements": 3, "percent_covered": 100.0, "percent_covered_display": "100", "missing_lines": 0, "excluded_lines": 0}, "missing_lines": [], "excluded_lines": []}, "_register_calendar_tools.get_appointment": {"executed_lines": [45, 47, 50], "summary": {"covered_lines": 3, "num_statements": 3, "percent_covered": 100.0, "percent_covered_display": "100", "missing_lines": 0, "excluded_lines": 0}, "missing_lines": [], "excluded_lines": []}, "_register_calendar_tools.create_appointment": {"executed_lines": [64, 67, 68, 70, 90, 91], "summary": {"covered_lines": 6, "num_statements": 6, "percent_covered": 100.0, "percent_covered_display": "100", "missing_lines": 0, "excluded_lines": 0}, "missing_lines": [], "excluded_lines": []}, "_register_calendar_tools.update_appointment": {"executed_lines": [96, 99, 100, 101, 102, 105, 106, 108, 124, 127], "summary": {"covered_lines": 10, "num_statements": 10, "percent_covered": 100.0, "percent_covered_display": "100", "missing_lines": 0, "excluded_lines": 0}, "missing_lines": [], "excluded_lines": []}, "_register_calendar_tools.delete_appointment": {"executed_lines": [132, 134, 137], "summary": {"covered_lines": 3, "num_statements": 3, "percent_covered": 100.0, "percent_covered_display": "100", "missing_lines": 0, "excluded_lines": 0}, "missing_lines": [], "excluded_lines": []}, "_register_calendar_tools.get_calendars": {"executed_lines": [142, 144, 145], "summary": {"covered_lines": 3, "num_statements": 3, "percent_covered": 100.0, "percent_covered_display": "100", "missing_lines": 0, "excluded_lines": 0}, "missing_lines": [], "excluded_lines": []}, "_register_calendar_tools.get_calendar": {"executed_lines": [150, 152, 153], "summary": {"covered_lines": 3, "num_statements": 3, "percent_covered": 100.0, "percent_covered_display": "100", "missing_lines": 0, "excluded_lines": 0}, "missing_lines": [], "excluded_lines": []}, "_register_calendar_tools.get_free_slots": {"executed_lines": [169, 172, 173, 174, 175, 177, 184], "summary": {"covered_lines": 7, "num_statements": 7, "percent_covered": 100.0, "percent_covered_display": "100", "missing_lines": 0, "excluded_lines": 0}, "missing_lines": [], "excluded_lines": []}, "": {"executed_lines": [1, 3, 4, 6, 7, 21, 22, 25], "summary": {"covered_lines": 7, "num_statements": 7, "percent_covered": 100.0, "percent_covered_display": "100", "missing_lines": 0, "excluded_lines": 0}, "missing_lines": [], "excluded_lines": []}}, "classes": {"": {"executed_lines": [1, 3, 4, 6, 7, 21, 22, 25, 28, 29, 31, 32, 34, 36, 40, 42, 43, 45, 47, 50, 52, 53, 64, 67, 68, 70, 90, 91, 93, 94, 96, 99, 100, 101, 102, 105, 106, 108, 124, 127, 129, 130, 132, 134, 137, 139, 140, 142, 144, 145, 147, 148, 150, 152, 153, 155, 156, 169, 172, 173, 174, 175, 177, 184], "summary": {"covered_lines": 63, "num_statements": 63, "percent_covered": 100.0, "percent_covered_display": "100", "missing_lines": 0, "excluded_lines": 0}, "missing_lines": [], "excluded_lines": []}}}, "src/mcp/tools/contacts.py": {"executed_lines": [1, 3, 5, 6, 18, 19, 22, 25, 26, 28, 29, 31, 33, 51, 52, 54, 55, 57, 59, 80, 83, 85, 86, 88, 90, 91, 100, 101, 103, 105, 106, 108, 109, 111, 113, 123, 130, 131, 133, 135, 138, 140, 141, 143, 145, 148], "summary": {"covered_lines": 45, "num_statements": 45, "percent_covered": 100.0, "percent_covered_display": "100", "missing_lines": 0, "excluded_lines": 0}, "missing_lines": [], "excluded_lines": [], "functions": {"_register_contact_tools": {"executed_lines": [25, 26, 28, 29, 54, 55, 85, 86, 100, 101, 108, 109, 130, 131, 140, 141], "summary": {"covered_lines": 16, "num_statements": 16, "percent_covered": 100.0, "percent_covered_display": "100", "missing_lines": 0, "excluded_lines": 0}, "missing_lines": [], "excluded_lines": []}, "_register_contact_tools.create_contact": {"executed_lines": [31, 33, 51, 52], "summary": {"covered_lines": 4, "num_statements": 4, "percent_covered": 100.0, "percent_covered_display": "100", "missing_lines": 0, "excluded_lines": 0}, "missing_lines": [], "excluded_lines": []}, "_register_contact_tools.update_contact": {"executed_lines": [57, 59, 80, 83], "summary": {"covered_lines": 4, "num_statements": 4, "percent_covered": 100.0, "percent_covered_display": "100", "missing_lines": 0, "excluded_lines": 0}, "missing_lines": [], "excluded_lines": []}, "_register_contact_tools.delete_contact": {"executed_lines": [88, 90, 91], "summary": {"covered_lines": 3, "num_statements": 3, "percent_covered": 100.0, "percent_covered_display": "100", "missing_lines": 0, "excluded_lines": 0}, "missing_lines": [], "excluded_lines": []}, "_register_contact_tools.get_contact": {"executed_lines": [103, 105, 106], "summary": {"covered_lines": 3, "num_statements": 3, "percent_covered": 100.0, "percent_covered_display": "100", "missing_lines": 0, "excluded_lines": 0}, "missing_lines": [], "excluded_lines": []}, "_register_contact_tools.search_contacts": {"executed_lines": [111, 113, 123], "summary": {"covered_lines": 3, "num_statements": 3, "percent_covered": 100.0, "percent_covered_display": "100", "missing_lines": 0, "excluded_lines": 0}, "missing_lines": [], "excluded_lines": []}, "_register_contact_tools.add_contact_tags": {"executed_lines": [133, 135, 138], "summary": {"covered_lines": 3, "num_statements": 3, "percent_covered": 100.0, "percent_covered_display": "100", "missing_lines": 0, "excluded_lines": 0}, "missing_lines": [], "excluded_lines": []}, "_register_contact_tools.remove_contact_tags": {"executed_lines": [143, 145, 148], "summary": {"covered_lines": 3, "num_statements": 3, "percent_covered": 100.0, "percent_covered_display": "100", "missing_lines": 0, "excluded_lines": 0}, "missing_lines": [], "excluded_lines": []}, "": {"executed_lines": [1, 3, 5, 6, 18, 19, 22], "summary": {"covered_lines": 6, "num_statements": 6, "percent_covered": 100.0, "percent_covered_display": "100", "missing_lines": 0, "excluded_lines": 0}, "missing_lines": [], "excluded_lines": []}}, "classes": {"": {"executed_lines": [1, 3, 5, 6, 18, 19, 22, 25, 26, 28, 29, 31, 33, 51, 52, 54, 55, 57, 59, 80, 83, 85, 86, 88, 90, 91, 100, 101, 103, 105, 106, 108, 109, 111, 113, 123, 130, 131, 133, 135, 138, 140, 141, 143, 145, 148], "summary": {"covered_lines": 45, "num_statements": 45, "percent_covered": 100.0, "percent_covered_display": "100", "missing_lines": 0, "excluded_lines": 0}, "missing_lines": [], "excluded_lines": []}}}, "src/mcp/tools/conversations.py": {"executed_lines": [1, 3, 5, 6, 18, 19, 22, 25, 26, 28, 29, 31, 33, 42, 49, 50, 52, 54, 57, 59, 60, 62, 64, 72, 73, 75, 76, 78, 80, 87, 94, 95, 97, 99, 110, 116, 118, 119, 127], "summary": {"covered_lines": 38, "num_statements": 38, "percent_covered": 100.0, "percent_covered_display": "100", "missing_lines": 0, "excluded_lines": 0}, "missing_lines": [], "excluded_lines": [], "functions": {"_register_conversation_tools": {"executed_lines": [25, 26, 28, 29, 49, 50, 59, 60, 75, 76, 94, 95, 118, 119], "summary": {"covered_lines": 14, "num_statements": 14, "percent_covered": 100.0, "percent_covered_display": "100", "missing_lines": 0, "excluded_lines": 0}, "missing_lines": [], "excluded_lines": []}, "_register_conversation_tools.get_conversations": {"executed_lines": [31, 33, 42], "summary": {"covered_lines": 3, "num_statements": 3, "percent_covered": 100.0, "percent_covered_display": "100", "missing_lines": 0, "excluded_lines": 0}, "missing_lines": [], "excluded_lines": []}, "_register_conversation_tools.get_conversation": {"executed_lines": [52, 54, 57], "summary": {"covered_lines": 3, "num_statements": 3, "percent_covered": 100.0, "percent_covered_display": "100", "missing_lines": 0, "excluded_lines": 0}, "missing_lines": [], "excluded_lines": []}, "_register_conversation_tools.create_conversation": {"executed_lines": [62, 64, 72, 73], "summary": {"covered_lines": 4, "num_statements": 4, "percent_covered": 100.0, "percent_covered_display": "100", "missing_lines": 0, "excluded_lines": 0}, "missing_lines": [], "excluded_lines": []}, "_register_conversation_tools.get_messages": {"executed_lines": [78, 80, 87], "summary": {"covered_lines": 3, "num_statements": 3, "percent_covered": 100.0, "percent_covered_display": "100", "missing_lines": 0, "excluded_lines": 0}, "missing_lines": [], "excluded_lines": []}, "_register_conversation_tools.send_message": {"executed_lines": [97, 99, 110, 116], "summary": {"covered_lines": 4, "num_statements": 4, "percent_covered": 100.0, "percent_covered_display": "100", "missing_lines": 0, "excluded_lines": 0}, "missing_lines": [], "excluded_lines": []}, "_register_conversation_tools.update_message_status": {"executed_lines": [127], "summary": {"covered_lines": 1, "num_statements": 1, "percent_covered": 100.0, "percent_covered_display": "100", "missing_lines": 0, "excluded_lines": 0}, "missing_lines": [], "excluded_lines": []}, "": {"executed_lines": [1, 3, 5, 6, 18, 19, 22], "summary": {"covered_lines": 6, "num_statements": 6, "percent_covered": 100.0, "percent_covered_display": "100", "missing_lines": 0, "excluded_lines": 0}, "missing_lines": [], "excluded_lines": []}}, "classes": {"": {"executed_lines": [1, 3, 5, 6, 18, 19, 22, 25, 26, 28, 29, 31, 33, 42, 49, 50, 52, 54, 57, 59, 60, 62, 64, 72, 73, 75, 76, 78, 80, 87, 94, 95, 97, 99, 110, 116, 118, 119, 127], "summary": {"covered_lines": 38, "num_statements": 38, "percent_covered": 100.0, "percent_covered_display": "100", "missing_lines": 0, "excluded_lines": 0}, "missing_lines": [], "excluded_lines": []}}}, "src/mcp/tools/forms.py": {"executed_lines": [1, 3, 5, 6, 15, 16, 19, 22, 23, 25, 26, 28, 30, 34, 46, 47, 51, 53, 63, 73, 74, 79, 81, 90, 92], "summary": {"covered_lines": 24, "num_statements": 24, "percent_covered": 100.0, "percent_covered_display": "100", "missing_lines": 0, "excluded_lines": 0}, "missing_lines": [], "excluded_lines": [], "functions": {"_register_form_tools": {"executed_lines": [22, 23, 25, 26, 46, 47, 73, 74], "summary": {"covered_lines": 8, "num_statements": 8, "percent_covered": 100.0, "percent_covered_display": "100", "missing_lines": 0, "excluded_lines": 0}, "missing_lines": [], "excluded_lines": []}, "_register_form_tools.get_forms": {"executed_lines": [28, 30, 34], "summary": {"covered_lines": 3, "num_statements": 3, "percent_covered": 100.0, "percent_covered_display": "100", "missing_lines": 0, "excluded_lines": 0}, "missing_lines": [], "excluded_lines": []}, "_register_form_tools.get_all_form_submissions": {"executed_lines": [51, 53, 63], "summary": {"covered_lines": 3, "num_statements": 3, "percent_covered": 100.0, "percent_covered_display": "100", "missing_lines": 0, "excluded_lines": 0}, "missing_lines": [], "excluded_lines": []}, "_register_form_tools.upload_form_file": {"executed_lines": [79, 81, 90, 92], "summary": {"covered_lines": 4, "num_statements": 4, "percent_covered": 100.0, "percent_covered_display": "100", "missing_lines": 0, "excluded_lines": 0}, "missing_lines": [], "excluded_lines": []}, "": {"executed_lines": [1, 3, 5, 6, 15, 16, 19], "summary": {"covered_lines": 6, "num_statements": 6, "percent_covered": 100.0, "percent_covered_display": "100", "missing_lines": 0, "excluded_lines": 0}, "missing_lines": [], "excluded_lines": []}}, "classes": {"": {"executed_lines": [1, 3, 5, 6, 15, 16, 19, 22, 23, 25, 26, 28, 30, 34, 46, 47, 51, 53, 63, 73, 74, 79, 81, 90, 92], "summary": {"covered_lines": 24, "num_statements": 24, "percent_covered": 100.0, "percent_covered_display": "100", "missing_lines": 0, "excluded_lines": 0}, "missing_lines": [], "excluded_lines": []}}}, "src/mcp/tools/opportunities.py": {"executed_lines": [1, 3, 4, 5, 7, 13, 26, 27, 28, 31, 34, 35, 36, 38, 39, 41, 44, 55, 62, 69, 70, 72, 74, 77, 79, 80, 82, 84, 104, 105, 107, 108, 110, 112, 129, 132, 134, 135, 137, 139, 142, 151, 152, 156, 158, 164, 166, 167, 174, 176, 177, 183, 184, 186, 188, 192, 193, 194, 195, 196, 199, 200, 201, 202, 203, 204, 206, 207, 208, 211, 212, 213, 217], "summary": {"covered_lines": 72, "num_statements": 75, "percent_covered": 96.0, "percent_covered_display": "96", "missing_lines": 3, "excluded_lines": 0}, "missing_lines": [189, 214, 215], "excluded_lines": [], "functions": {"_register_opportunity_tools": {"executed_lines": [34, 35, 36, 38, 39, 69, 70, 79, 80, 107, 108, 134, 135, 151, 152, 166, 167, 183, 184], "summary": {"covered_lines": 19, "num_statements": 19, "percent_covered": 100.0, "percent_covered_display": "100", "missing_lines": 0, "excluded_lines": 0}, "missing_lines": [], "excluded_lines": []}, "_register_opportunity_tools.get_opportunities": {"executed_lines": [41, 44, 55, 62], "summary": {"covered_lines": 4, "num_statements": 4, "percent_covered": 100.0, "percent_covered_display": "100", "missing_lines": 0, "excluded_lines": 0}, "missing_lines": [], "excluded_lines": []}, "_register_opportunity_tools.get_opportunity": {"executed_lines": [72, 74, 77], "summary": {"covered_lines": 3, "num_statements": 3, "percent_covered": 100.0, "percent_covered_display": "100", "missing_lines": 0, "excluded_lines": 0}, "missing_lines": [], "excluded_lines": []}, "_register_opportunity_tools.create_opportunity": {"executed_lines": [82, 84, 104, 105], "summary": {"covered_lines": 4, "num_statements": 4, "percent_covered": 100.0, "percent_covered_display": "100", "missing_lines": 0, "excluded_lines": 0}, "missing_lines": [], "excluded_lines": []}, "_register_opportunity_tools.update_opportunity": {"executed_lines": [110, 112, 129, 132], "summary": {"covered_lines": 4, "num_statements": 4, "percent_covered": 100.0, "percent_covered_display": "100", "missing_lines": 0, "excluded_lines": 0}, "missing_lines": [], "excluded_lines": []}, "_register_opportunity_tools.delete_opportunity": {"executed_lines": [137, 139, 142], "summary": {"covered_lines": 3, "num_statements": 3, "percent_covered": 100.0, "percent_covered_display": "100", "missing_lines": 0, "excluded_lines": 0}, "missing_lines": [], "excluded_lines": []}, "_register_opportunity_tools.update_opportunity_status": {"executed_lines": [156, 158, 164], "summary": {"covered_lines": 3, "num_statements": 3, "percent_covered": 100.0, "percent_covered_display": "100", "missing_lines": 0, "excluded_lines": 0}, "missing_lines": [], "excluded_lines": []}, "_register_opportunity_tools.get_pipelines": {"executed_lines": [174, 176, 177], "summary": {"covered_lines": 3, "num_statements": 3, "percent_covered": 100.0, "percent_covered_display": "100", "missing_lines": 0, "excluded_lines": 0}, "missing_lines": [], "excluded_lines": []}, "_register_opportunity_tools.debug_config": {"executed_lines": [186, 188, 192, 193, 194, 195, 196, 199, 200, 201, 202, 203, 204, 206, 207, 208, 211, 212, 213, 217], "summary": {"covered_lines": 20, "num_statements": 23, "percent_covered": 86.95652173913044, "percent_covered_display": "87", "missing_lines": 3, "excluded_lines": 0}, "missing_lines": [189, 214, 215], "excluded_lines": []}, "": {"executed_lines": [1, 3, 4, 5, 7, 13, 26, 27, 28, 31], "summary": {"covered_lines": 9, "num_statements": 9, "percent_covered": 100.0, "percent_covered_display": "100", "missing_lines": 0, "excluded_lines": 0}, "missing_lines": [], "excluded_lines": []}}, "classes": {"": {"executed_lines": [1, 3, 4, 5, 7, 13, 26, 27, 28, 31, 34, 35, 36, 38, 39, 41, 44, 55, 62, 69, 70, 72, 74, 77, 79, 80, 82, 84, 104, 105, 107, 108, 110, 112, 129, 132, 134, 135, 137, 139, 142, 151, 152, 156, 158, 164, 166, 167, 174, 176, 177, 183, 184, 186, 188, 192, 193, 194, 195, 196, 199, 200, 201, 202, 203, 204, 206, 207, 208, 211, 212, 213, 217], "summary": {"covered_lines": 72, "num_statements": 75, "percent_covered": 96.0, "percent_covered_display": "96", "missing_lines": 3, "excluded_lines": 0}, "missing_lines": [189, 214, 215], "excluded_lines": []}}}, "src/models/__init__.py": {"executed_lines": [1, 2, 3, 14, 29], "summary": {"covered_lines": 5, "num_statements": 5, "percent_covered": 100.0, "percent_covered_display": "100", "missing_lines": 0, "excluded_lines": 0}, "missing_lines": [], "excluded_lines": [], "functions": {"": {"executed_lines": [1, 2, 3, 14, 29], "summary": {"covered_lines": 5, "num_statements": 5, "percent_covered": 100.0, "percent_covered_display": "100", "missing_lines": 0, "excluded_lines": 0}, "missing_lines": [], "excluded_lines": []}}, "classes": {"": {"executed_lines": [1, 2, 3, 14, 29], "summary": {"covered_lines": 5, "num_statements": 5, "percent_covered": 100.0, "percent_covered_display": "100", "missing_lines": 0, "excluded_lines": 0}, "missing_lines": [], "excluded_lines": []}}}, "src/models/auth.py": {"executed_lines": [1, 2, 3, 6, 7, 9, 10, 11, 12, 13, 14, 15, 18, 19, 21, 22, 23, 24, 25, 26, 27, 28, 31, 32, 34, 35, 36, 37, 38, 39, 41, 42, 44, 46, 47, 49, 50, 59, 61, 62, 63, 64, 65, 67, 70, 71, 74, 75, 76, 78], "summary": {"covered_lines": 47, "num_statements": 47, "percent_covered": 100.0, "percent_covered_display": "100", "missing_lines": 0, "excluded_lines": 0}, "missing_lines": [], "excluded_lines": [], "functions": {"StoredToken.serialize_expires_at": {"executed_li
[...]
48, 152, 155, 158, 166, 167, 168, 170, 172, 173, 174, 175, 176, 179, 190, 194, 195, 197, 198, 203, 204, 205, 206, 207, 211, 213, 215, 217, 218, 219, 220, 222, 223, 228, 239, 240, 242, 245, 246, 247, 248, 249, 252, 255, 258, 260, 261, 262, 263, 264, 266, 267, 268, 278, 280, 282, 283, 284, 285, 286, 287, 289, 290, 291, 292, 293, 294, 295, 296, 298, 299, 300, 303, 305, 393, 395, 396, 397, 400, 402, 403, 404, 405, 406, 415, 416, 417, 418, 420, 421, 426, 427, 432, 444, 446, 448, 449, 450, 453, 454, 455, 466, 467, 468, 469, 470, 489, 490], "summary": {"covered_lines": 182, "num_statements": 272, "percent_covered": 66.91176470588235, "percent_covered_display": "67", "missing_lines": 90, "excluded_lines": 0}, "missing_lines": [97, 98, 134, 135, 209, 224, 225, 270, 271, 272, 273, 274, 275, 276, 307, 308, 309, 310, 313, 316, 317, 319, 321, 323, 324, 325, 326, 327, 330, 331, 332, 333, 334, 337, 338, 339, 340, 342, 343, 344, 346, 348, 350, 351, 352, 354, 355, 357, 358, 359, 360, 363, 364, 366, 367, 370, 371, 372, 373, 375, 376, 379, 381, 382, 384, 385, 386, 387, 388, 389, 391, 408, 409, 410, 411, 412, 422, 423, 428, 434, 435, 439, 441, 442, 457, 458, 459, 460, 461, 464], "excluded_lines": [], "functions": {"StandardModeSetup.__init__": {"executed_lines": [30, 31, 32, 33], "summary": {"covered_lines": 4, "num_statements": 4, "percent_covered": 100.0, "percent_covered_display": "100", "missing_lines": 0, "excluded_lines": 0}, "missing_lines": [], "excluded_lines": []}, "StandardModeSetup.__aenter__": {"executed_lines": [36], "summary": {"covered_lines": 1, "num_statements": 1, "percent_covered": 100.0, "percent_covered_display": "100", "missing_lines": 0, "excluded_lines": 0}, "missing_lines": [], "excluded_lines": []}, "StandardModeSetup.__aexit__": {"executed_lines": [39], "summary": {"covered_lines": 1, "num_statements": 1, "percent_covered": 100.0, "percent_covered_display": "100", "missing_lines": 0, "excluded_lines": 0}, "missing_lines": [], "excluded_lines": []}, "StandardModeSetup.is_first_run": {"executed_lines": [44, 45, 47], "summary": {"covered_lines": 3, "num_statements": 3, "percent_covered": 100.0, "percent_covered_display": "100", "missing_lines": 0, "excluded_lines": 0}, "missing_lines": [], "excluded_lines": []}, "StandardModeSetup.mark_first_run_complete": {"executed_lines": [55, 56, 57], "summary": {"covered_lines": 3, "num_statements": 3, "percent_covered": 100.0, "percent_covered_display": "100", "missing_lines": 0, "excluded_lines": 0}, "missing_lines": [], "excluded_lines": []}, "StandardModeSetup.save_custom_mode_choice": {"executed_lines": [61, 62, 63], "summary": {"covered_lines": 3, "num_statements": 3, "percent_covered": 100.0, "percent_covered_display": "100", "missing_lines": 0, "excluded_lines": 0}, "missing_lines": [], "excluded_lines": []}, "StandardModeSetup.was_custom_mode_chosen": {"executed_lines": [67, 68], "summary": {"covered_lines": 2, "num_statements": 2, "percent_covered": 100.0, "percent_covered_display": "100", "missing_lines": 0, "excluded_lines": 0}, "missing_lines": [], "excluded_lines": []}, "StandardModeSetup.clear_custom_mode_choice": {"executed_lines": [72, 73, 74], "summary": {"covered_lines": 3, "num_statements": 3, "percent_covered": 100.0, "percent_covered_display": "100", "missing_lines": 0, "excluded_lines": 0}, "missing_lines": [], "excluded_lines": []}, "StandardModeSetup.check_auth_status": {"executed_lines": [79, 80, 81, 82, 83, 84, 85, 86, 87, 88, 91, 92, 93, 94, 95, 96, 100], "summary": {"covered_lines": 17, "num_statements": 19, "percent_covered": 89.47368421052632, "percent_covered_display": "89", "missing_lines": 2, "excluded_lines": 0}, "missing_lines": [97, 98], "excluded_lines": []}, "StandardModeSetup.validate_token": {"executed_lines": [104, 105, 111, 112, 121, 122, 123, 125, 126, 127, 141, 142, 147, 148], "summary": {"covered_lines": 14, "num_statements": 16, "percent_covered": 87.5, "percent_covered_display": "88", "missing_lines": 2, "excluded_lines": 0}, "missing_lines": [134, 135], "excluded_lines": []}, "StandardModeSetup.save_token_to_config": {"executed_lines": [155, 158, 166, 167, 168], "summary": {"covered_lines": 5, "num_statements": 5, "percent_covered": 100.0, "percent_covered_display": "100", "missing_lines": 0, "excluded_lines": 0}, "missing_lines": [], "excluded_lines": []}, "StandardModeSetup.choose_auth_mode": {"executed_lines": [172, 173, 174, 175, 176, 179], "summary": {"covered_lines": 6, "num_statements": 6, "percent_covered": 100.0, "percent_covered_display": "100", "missing_lines": 0, "excluded_lines": 0}, "missing_lines": [], "excluded_lines": []}, "StandardModeSetup.interactive_custom_setup": {"executed_lines": [194, 195, 197, 198, 203, 204, 205, 206, 207], "summary": {"covered_lines": 9, "num_statements": 10, "percent_covered": 90.0, "percent_covered_display": "90", "missing_lines": 1, "excluded_lines": 0}, "missing_lines": [209], "excluded_lines": []}, "StandardModeSetup._collect_custom_credentials": {"executed_lines": [213, 215, 217, 218, 219, 220, 222, 223, 228, 239, 240, 242, 245, 246, 247, 248, 249, 252, 255, 258, 260, 261, 262, 263, 264, 266, 267, 268], "summary": {"covered_lines": 28, "num_statements": 37, "percent_covered": 75.67567567567568, "percent_covered_display": "76", "missing_lines": 9, "excluded_lines": 0}, "missing_lines": [224, 225, 270, 271, 272, 273, 274, 275, 276], "excluded_lines": []}, "StandardModeSetup._show_marketplace_app_instructions": {"executed_lines": [280, 282, 283, 284, 285, 286, 287, 289, 290, 291, 292, 293, 294, 295, 296, 298, 299, 300, 303], "summary": {"covered_lines": 19, "num_statements": 19, "percent_covered": 100.0, "percent_covered_display": "100", "missing_lines": 0, "excluded_lines": 0}, "missing_lines": [], "excluded_lines": []}, "StandardModeSetup.interactive_setup": {"executed_lines": [], "summary": {"covered_lines": 0, "num_statements": 57, "percent_covered": 0.0, "percent_covered_display": "0", "missing_lines": 57, "excluded_lines": 0}, "missing_lines": [307, 308, 309, 310, 313, 316, 317, 319, 321, 323, 324, 325, 326, 327, 330, 331, 332, 333, 334, 337, 338, 339, 340, 342, 343, 344, 346, 348, 350, 351, 352, 354, 355, 357, 358, 359, 360, 363, 364, 366, 367, 370, 371, 372, 373, 375, 376, 379, 381, 382, 384, 385, 386, 387, 388, 389, 391], "excluded_lines": []}, "StandardModeSetup.validate_existing_config": {"executed_lines": [395, 396, 397, 400, 402, 403, 404, 405, 406, 415, 416, 417, 418, 420, 421, 426, 427, 432], "summary": {"covered_lines": 18, "num_statements": 31, "percent_covered": 58.064516129032256, "percent_covered_display": "58", "missing_lines": 13, "excluded_lines": 0}, "missing_lines": [408, 409, 410, 411, 412, 422, 423, 428, 434, 435, 439, 441, 442], "excluded_lines": []}, "StandardModeSetup.show_claude_desktop_instructions": {"executed_lines": [446, 448, 449, 450, 453, 454, 455, 466, 467, 468, 469, 470, 489, 490], "summary": {"covered_lines": 14, "num_statements": 20, "percent_covered": 70.0, "percent_covered_display": "70", "missing_lines": 6, "excluded_lines": 0}, "missing_lines": [457, 458, 459, 460, 461, 464], "excluded_lines": []}, "": {"executed_lines": [1, 5, 6, 7, 8, 9, 10, 12, 13, 16, 17, 19, 20, 21, 22, 25, 26, 28, 35, 38, 41, 53, 59, 65, 70, 76, 102, 152, 170, 190, 211, 278, 305, 393, 444], "summary": {"covered_lines": 32, "num_statements": 32, "percent_covered": 100.0, "percent_covered_display": "100", "missing_lines": 0, "excluded_lines": 0}, "missing_lines": [], "excluded_lines": []}}, "classes": {"SetupResponse": {"executed_lines": [], "summary": {"covered_lines": 0, "num_statements": 0, "percent_covered": 100.0, "percent_covered_display": "100", "missing_lines": 0, "excluded_lines": 0}, "missing_lines": [], "excluded_lines": []}, "StandardModeSetup": {"executed_lines": [30, 31, 32, 33, 36, 39, 44, 45, 47, 55, 56, 57, 61, 62, 63, 67, 68, 72, 73, 74, 79, 80, 81, 82, 83, 84, 85, 86, 87, 88, 91, 92, 93, 94, 95, 96, 100, 104, 105, 111, 112, 121, 122, 123, 125, 126, 127, 141, 142, 147, 148, 155, 158, 166, 167, 168, 172, 173, 174, 175, 176, 179, 194, 195, 197, 198, 203, 204, 205, 206, 207, 213, 215, 217, 218, 219, 220, 222, 223, 228, 239, 240, 242, 245, 246, 247, 248, 249, 252, 255, 258, 260, 261, 262, 263, 264, 266, 267, 268, 280, 282, 283, 284, 285, 286, 287, 289, 290, 291, 292, 293, 294, 295, 296, 298, 299, 300, 303, 395, 396, 397, 400, 402, 403, 404, 405, 406, 415, 416, 417, 418, 420, 421, 426, 427, 432, 446, 448, 449, 450, 453, 454, 455, 466, 467, 468, 469, 470, 489, 490], "summary": {"covered_lines": 150, "num_statements": 240, "percent_covered": 62.5, "percent_covered_display": "62", "missing_lines": 90, "excluded_lines": 0}, "missing_lines": [97, 98, 134, 135, 209, 224, 225, 270, 271, 272, 273, 274, 275, 276, 307, 308, 309, 310, 313, 316, 317, 319, 321, 323, 324, 325, 326, 327, 330, 331, 332, 333, 334, 337, 338, 339, 340, 342, 343, 344, 346, 348, 350, 351, 352, 354, 355, 357, 358, 359, 360, 363, 364, 366, 367, 370, 371, 372, 373, 375, 376, 379, 381, 382, 384, 385, 386, 387, 388, 389, 391, 408, 409, 410, 411, 412, 422, 423, 428, 434, 435, 439, 441, 442, 457, 458, 459, 460, 461, 464], "excluded_lines": []}, "": {"executed_lines": [1, 5, 6, 7, 8, 9, 10, 12, 13, 16, 17, 19, 20, 21, 22, 25, 26, 28, 35, 38, 41, 53, 59, 65, 70, 76, 102, 152, 170, 190, 211, 278, 305, 393, 444], "summary": {"covered_lines": 32, "num_statements": 32, "percent_covered": 100.0, "percent_covered_display": "100", "missing_lines": 0, "excluded_lines": 0}, "missing_lines": [], "excluded_lines": []}}}, "src/utils/__init__.py": {"executed_lines": [1], "summary": {"covered_lines": 0, "num_statements": 0, "percent_covered": 100.0, "percent_covered_display": "100", "missing_lines": 0, "excluded_lines": 0}, "missing_lines": [], "excluded_lines": [], "functions": {"": {"executed_lines": [1], "summary": {"covered_lines": 0, "num_statements": 0, "percent_covered": 100.0, "percent_covered_display": "100", "missing_lines": 0, "excluded_lines": 0}, "missing_lines": [], "excluded_lines": []}}, "classes": {"": {"executed_lines": [1], "summary": {"covered_lines": 0, "num_statements": 0, "percent_covered": 100.0, "percent_covered_display": "100", "missing_lines": 0, "excluded_lines": 0}, "missing_lines": [], "excluded_lines": []}}}, "src/utils/auth_middleware.py": {"executed_lines": [1, 6, 7, 8, 9, 10, 11, 12, 14, 15, 16, 18, 21, 22, 24, 25, 26, 27, 29, 32, 33, 34, 35, 36, 37, 40, 41, 42, 50, 51, 53, 54, 55, 57, 61, 62, 63, 65, 68, 71, 73, 74, 75, 78, 79, 88, 89, 91, 92, 94, 96, 98, 101, 102, 103, 104, 105, 106, 109, 110, 111, 120, 121, 122, 125, 130, 132, 134, 136, 137, 139, 142, 143, 145, 146, 147, 149, 151, 152, 154, 157, 158, 159, 160, 161, 162, 163, 164, 165, 168, 169, 171, 172, 173, 175, 187, 188, 190, 191, 193, 196, 199, 200, 202, 206, 207, 208], "summary": {"covered_lines": 103, "num_statements": 103, "percent_covered": 100.0, "percent_covered_display": "100", "missing_lines": 0, "excluded_lines": 0}, "missing_lines": [], "excluded_lines": [], "functions": {"TokenManager.__init__": {"executed_lines": [25, 26, 27], "summary": {"covered_lines": 3, "num_statements": 3, "percent_covered": 100.0, "percent_covered_display": "100", "missing_lines": 0, "excluded_lines": 0}, "missing_lines": [], "excluded_lines": []}, "TokenManager.validate_bearer_token": {"executed_lines": [32, 33, 34, 35, 36, 37, 40, 41, 42, 50, 51, 53, 54, 55, 57, 61, 62, 63], "summary": {"covered_lines": 18, "num_statements": 18, "percent_covered": 100.0, "percent_covered_display": "100", "missing_lines": 0, "excluded_lines": 0}, "missing_lines": [], "excluded_lines": []}, "TokenManager.get_location_from_token": {"executed_lines": [68, 71, 73, 74, 75, 78, 79, 88, 89, 91, 92, 94], "summary": {"covered_lines": 12, "num_statements": 12, "percent_covered": 100.0, "percent_covered_display": "100", "missing_lines": 0, "excluded_lines": 0}, "missing_lines": [], "excluded_lines": []}, "TokenManager.get_location_token": {"executed_lines": [98, 101, 102, 103, 104, 105, 106, 109, 110, 111, 120, 121, 122, 125, 130, 132, 134, 136, 137, 139], "summary": {"covered_lines": 20, "num_statements": 20, "percent_covered": 100.0, "percent_covered_display": "100", "missing_lines": 0, "excluded_lines": 0}, "missing_lines": [], "excluded_lines": []}, "HTTPAuthMiddleware.__init__": {"executed_lines": [146, 147], "summary": {"covered_lines": 2, "num_statements": 2, "percent_covered": 100.0, "percent_covered_display": "100", "missing_lines": 0, "excluded_lines": 0}, "missing_lines": [], "excluded_lines": []}, "HTTPAuthMiddleware.__call__": {"executed_lines": [151, 152, 154, 157, 158, 159, 160, 161, 162, 163, 164, 165], "summary": {"covered_lines": 12, "num_statements": 12, "percent_covered": 100.0, "percent_covered_display": "100", "missing_lines": 0, "excluded_lines": 0}, "missing_lines": [], "excluded_lines": []}, "MCPAuthDependency.__init__": {"executed_lines": [172, 173], "summary": {"covered_lines": 2, "num_statements": 2, "percent_covered": 100.0, "percent_covered_display": "100", "missing_lines": 0, "excluded_lines": 0}, "missing_lines": [], "excluded_lines": []}, "MCPAuthDependency.__call__": {"executed_lines": [187, 188, 190, 191, 193, 196, 199, 200, 202], "summary": {"covered_lines": 9, "num_statements": 9, "percent_covered": 100.0, "percent_covered_display": "100", "missing_lines": 0, "excluded_lines": 0}, "missing_lines": [], "excluded_lines": []}, "": {"executed_lines": [1, 6, 7, 8, 9, 10, 11, 12, 14, 15, 16, 18, 21, 22, 24, 29, 65, 96, 142, 143, 145, 149, 168, 169, 171, 175, 206, 207, 208], "summary": {"covered_lines": 25, "num_statements": 25, "percent_covered": 100.0, "percent_covered_display": "100", "missing_lines": 0, "excluded_lines": 0}, "missing_lines": [], "excluded_lines": []}}, "classes": {"TokenManager": {"executed_lines": [25, 26, 27, 32, 33, 34, 35, 36, 37, 40, 41, 42, 50, 51, 53, 54, 55, 57, 61, 62, 63, 68, 71, 73, 74, 75, 78, 79, 88, 89, 91, 92, 94, 98, 101, 102, 103, 104, 105, 106, 109, 110, 111, 120, 121, 122, 125, 130, 132, 134, 136, 137, 139], "summary": {"covered_lines": 53, "num_statements": 53, "percent_covered": 100.0, "percent_covered_display": "100", "missing_lines": 0, "excluded_lines": 0}, "missing_lines": [], "excluded_lines": []}, "HTTPAuthMiddleware": {"executed_lines": [146, 147, 151, 152, 154, 157, 158, 159, 160, 161, 162, 163, 164, 165], "summary": {"covered_lines": 14, "num_statements": 14, "percent_covered": 100.0, "percent_covered_display": "100", "missing_lines": 0, "excluded_lines": 0}, "missing_lines": [], "excluded_lines": []}, "MCPAuthDependency": {"executed_lines": [172, 173, 187, 188, 190, 191, 193, 196, 199, 200, 202], "summary": {"covered_lines": 11, "num_statements": 11, "percent_covered": 100.0, "percent_covered_display": "100", "missing_lines": 0, "excluded_lines": 0}, "missing_lines": [], "excluded_lines": []}, "": {"executed_lines": [1, 6, 7, 8, 9, 10, 11, 12, 14, 15, 16, 18, 21, 22, 24, 29, 65, 96, 142, 143, 145, 149, 168, 169, 171, 175, 206, 207, 208], "summary": {"covered_lines": 25, "num_statements": 25, "percent_covered": 100.0, "percent_covered_display": "100", "missing_lines": 0, "excluded_lines": 0}, "missing_lines": [], "excluded_lines": []}}}, "src/utils/client_helpers.py": {"executed_lines": [1, 3, 5, 6, 9, 16, 17, 21, 23, 26, 29, 30, 31], "summary": {"covered_lines": 12, "num_statements": 13, "percent_covered": 92.3076923076923, "percent_covered_display": "92", "missing_lines": 1, "excluded_lines": 0}, "missing_lines": [27], "excluded_lines": [], "functions": {"get_client_with_token_override": {"executed_lines": [16, 17, 21, 23, 26, 29, 30, 31], "summary": {"covered_lines": 8, "num_statements": 8, "percent_covered": 100.0, "percent_covered_display": "100", "missing_lines": 0, "excluded_lines": 0}, "missing_lines": [], "excluded_lines": []}, "get_client_with_token_override.return_token": {"executed_lines": [], "summary": {"covered_lines": 0, "num_statements": 1, "percent_covered": 0.0, "percent_covered_display": "0", "missing_lines": 1, "excluded_lines": 0}, "missing_lines": [27], "excluded_lines": []}, "": {"executed_lines": [1, 3, 5, 6, 9], "summary": {"covered_lines": 4, "num_statements": 4, "percent_covered": 100.0, "percent_covered_display": "100", "missing_lines": 0, "excluded_lines": 0}, "missing_lines": [], "excluded_lines": []}}, "classes": {"": {"executed_lines": [1, 3, 5, 6, 9, 16, 17, 21, 23, 26, 29, 30, 31], "summary": {"covered_lines": 12, "num_statements": 13, "percent_covered": 92.3076923076923, "percent_covered_display": "92", "missing_lines": 1, "excluded_lines": 0}, "missing_lines": [27], "excluded_lines": []}}}, "src/utils/exceptions.py": {"executed_lines": [1, 3, 4, 7, 8, 10, 16, 17, 18, 21, 22, 24, 27, 28, 30, 33, 34, 36, 39, 40, 42, 45, 46, 48, 51, 57, 58, 59, 60, 62, 63, 66, 67, 68, 70, 72, 74, 75, 76, 78, 80, 82], "summary": {"covered_lines": 35, "num_statements": 39, "percent_covered": 89.74358974358974, "percent_covered_display": "90", "missing_lines": 4, "excluded_lines": 0}, "missing_lines": [69, 71, 73, 79], "excluded_lines": [], "functions": {"GoHighLevelError.__init__": {"executed_lines": [16, 17, 18], "summary": {"covered_lines": 3, "num_statements": 3, "percent_covered": 100.0, "percent_covered_display": "100", "missing_lines": 0, "excluded_lines": 0}, "missing_lines": [], "excluded_lines": []}, "handle_api_error": {"executed_lines": [57, 58, 59, 60, 62, 63, 66, 67, 68, 70, 72, 74, 75, 76, 78, 80, 82], "summary": {"covered_lines": 17, "num_statements": 21, "percent_covered": 80.95238095238095, "percent_covered_display": "81", "missing_lines": 4, "excluded_lines": 0}, "missing_lines": [69, 71, 73, 79], "excluded_lines": []}, "": {"executed_lines": [1, 3, 4, 7, 8, 10, 21, 22, 24, 27, 28, 30, 33, 34, 36, 39, 40, 42, 45, 46, 48, 51], "summary": {"covered_lines": 15, "num_statements": 15, "percent_covered": 100.0, "percent_covered_display": "100", "missing_lines": 0, "excluded_lines": 0}, "missing_lines": [], "excluded_lines": []}}, "classes": {"GoHighLevelError": {"executed_lines": [16, 17, 18], "summary": {"covered_lines": 3, "num_statements": 3, "percent_covered": 100.0, "percent_covered_display": "100", "missing_lines": 0, "excluded_lines": 0}, "missing_lines": [], "excluded_lines": []}, "AuthenticationError": {"executed_lines": [], "summary": {"covered_lines": 0, "num_statements": 0, "percent_covered": 100.0, "percent_covered_display": "100", "missing_lines": 0, "excluded_lines": 0}, "missing_lines": [], "excluded_lines": []}, "RateLimitError": {"executed_lines": [], "summary": {"covered_lines": 0, "num_statements": 0, "percent_covered": 100.0, "percent_covered_display": "100", "missing_lines": 0, "excluded_lines": 0}, "missing_lines": [], "excluded_lines": []}, "ResourceNotFoundError": {"executed_lines": [], "summary": {"covered_lines": 0, "num_statements": 0, "percent_covered": 100.0, "percent_covered_display": "100", "missing_lines": 0, "excluded_lines": 0}, "missing_lines": [], "excluded_lines": []}, "ValidationError": {"executed_lines": [], "summary": {"covered_lines": 0, "num_statements": 0, "percent_covered": 100.0, "percent_covered_display": "100", "missing_lines": 0, "excluded_lines": 0}, "missing_lines": [], "excluded_lines": []}, "DuplicateResourceError": {"executed_lines": [], "summary": {"covered_lines": 0, "num_statements": 0, "percent_covered": 100.0, "percent_covered_display": "100", "missing_lines": 0, "excluded_lines": 0}, "missing_lines": [], "excluded_lines": []}, "": {"executed_lines": [1, 3, 4, 7, 8, 10, 21, 22, 24, 27, 28, 30, 33, 34, 36, 39, 40, 42, 45, 46, 48, 51, 57, 58, 59, 60, 62, 63, 66, 67, 68, 70, 72, 74, 75, 76, 78, 80, 82], "summary": {"covered_lines": 32, "num_statements": 36, "percent_covered": 88.88888888888889, "percent_covered_display": "89", "missing_lines": 4, "excluded_lines": 0}, "missing_lines": [69, 71, 73, 79], "excluded_lines": []}}}}, "totals": {"covered_lines": 2245, "num_statements": 2749, "percent_covered": 81.66606038559476, "percent_covered_display": "82", "missing_lines": 504, "excluded_lines": 0}}